Log file open, 04/24/17 13:45:46
LogInit:Display: Running engine for game: ShutterIslandEscape
LogPlatformFile: Not using cached read wrapper
LogInit:Display: RandInit(-688211117) SRandInit(-688211117).
LogTaskGraph: Started task graph with 5 named threads and 8 total threads with 1 sets of task threads.
LogStats: Stats thread started at 0.154199
LogInit: Using libcurl 7.47.1
LogInit:  - built for x86_64-pc-win32
LogInit:  - supports SSL with OpenSSL/1.0.2g
LogInit:  - supports HTTP deflate (compression) using libz 1.2.8
LogInit:  - other features:
LogInit:      CURL_VERSION_SSL
LogInit:      CURL_VERSION_LIBZ
LogInit:      CURL_VERSION_IPV6
LogInit:      CURL_VERSION_ASYNCHDNS
LogInit:      CURL_VERSION_LARGEFILE
LogInit:      CURL_VERSION_IDN
LogInit:  CurlRequestOptions (configurable via config and command line):
LogInit:  - bVerifyPeer = false  - Libcurl will NOT verify peer certificate
LogInit:  - bUseHttpProxy = false  - Libcurl will NOT use HTTP proxy
LogInit:  - bDontReuseConnections = false  - Libcurl will reuse connections
LogInit:  - CertBundlePath = nullptr  - Libcurl will use whatever was configured at build time.
LogInit: Build: ++UE4+Release-4.15-CL-3348071
LogInit: Engine Version: 4.15.1-3348071+++UE4+Release-4.15
LogInit: Compatible Engine Version: 4.15.0-3299760+++UE4+Release-4.15
LogInit: Net CL: 3299760
LogDevObjectVersion: Number of dev versions registered: 14
LogDevObjectVersion:   Dev-Blueprints (B0D832E4-1F89-4F0D-ACCF-7EB736FD4AA2): 8
LogDevObjectVersion:   Dev-Build (E1C64328-A22C-4D53-A36C-8E866417BD8C): 0
LogDevObjectVersion:   Dev-Core (375EC13C-06E4-48FB-B500-84F0262A717E): 2
LogDevObjectVersion:   Dev-Editor (E4B068ED-F494-42E9-A231-DA0B2E46BB41): 14
LogDevObjectVersion:   Dev-Framework (CFFC743F-43B0-4480-9391-14DF171D2073): 22
LogDevObjectVersion:   Dev-Mobile (B02B49B5-BB20-44E9-A304-32B752E40360): 0
LogDevObjectVersion:   Dev-Networking (A4E4105C-59A1-49B5-A7C5-40C4547EDFEE): 0
LogDevObjectVersion:   Dev-Online (39C831C9-5AE6-47DC-9A44-9C173E1C8E7C): 0
LogDevObjectVersion:   Dev-Physics (78F01B33-EBEA-4F98-B9B4-84EACCB95AA2): 0
LogDevObjectVersion:   Dev-Platform (6631380F-2D4D-43E0-8009-CF276956A95A): 0
LogDevObjectVersion:   Dev-Rendering (12F88B9F-8875-4AFC-A67C-D90C383ABD29): 12
LogDevObjectVersion:   Dev-Sequencer (7B5AE74C-D270-4C10-A958-57980B212A5A): 3
LogDevObjectVersion:   Dev-VR (D7296918-1DD6-4BDD-9DE2-64A83CC13884): 0
LogDevObjectVersion:   Dev-LoadTimes (C2A15278-BFE7-4AFE-6C17-90FF531DF755): 1
LogInit: Compiled (64-bit): Mar 15 2017 16:52:47
LogInit: Compiled with Visual C++: 19.00.23026.00
LogInit: Build Configuration: Development
LogInit: Branch Name: ++UE4+Release-4.15
LogInit: Command line:  
LogInit: Base directory: C:/Program Files/Epic Games/UE_4.15/Engine/Binaries/Win64/
LogInit: Installed Engine Build: 1
LogInit: Presizing for max 8388607 objects, including 0 objects not considered by GC, pre-allocating 0 bytes for permanent pool.
LogInit: Object subsystem initialized
[2017.04.24-19.45.48:122][  0]LogInit: Selected Device Profile: [Windows]
[2017.04.24-19.45.48:122][  0]LogInit: Applying CVar settings loaded from the selected device profile: [Windows]
[2017.04.24-19.45.48:178][  0]LogInit: Computer: DESKTOP-JPBMJ26
[2017.04.24-19.45.48:178][  0]LogInit: User: amarz
[2017.04.24-19.45.48:178][  0]LogInit: CPU Page size=65536, Cores=4
[2017.04.24-19.45.48:178][  0]LogInit: High frequency timer resolution =2.531252 MHz
[2017.04.24-19.45.48:179][  0]LogMemory: Memory total: Physical=31.9GB (32GB approx)
[2017.04.24-19.45.48:179][  0]LogMemory: Platform Memory Stats for Windows
[2017.04.24-19.45.48:179][  0]LogMemory: Process Physical Memory: 262.86 MB used, 262.86 MB peak
[2017.04.24-19.45.48:179][  0]LogMemory: Process Virtual Memory: 262.57 MB used, 262.57 MB peak
[2017.04.24-19.45.48:179][  0]LogMemory: Physical Memory: 6816.23 MB used,  25829.51 MB free, 32645.73 MB total
[2017.04.24-19.45.48:179][  0]LogMemory: Virtual Memory: 645.13 MB used,  25829.51 MB free, 134217728.00 MB total
[2017.04.24-19.45.49:066][  0]LogTextLocalizationManager: No specific translations for ('en-US') exist, so ('en') translations will be used.
[2017.04.24-19.45.52:505][  0]LogD3D11RHI: D3D11 adapters:
[2017.04.24-19.45.53:248][  0]LogD3D11RHI:    0. 'NVIDIA GeForce GTX 1070' (Feature Level 11_0)
[2017.04.24-19.45.53:248][  0]LogD3D11RHI:       8144/0/16322 MB DedicatedVideo/DedicatedSystem/SharedSystem, Outputs:1, VendorId:0x10de
[2017.04.24-19.45.53:268][  0]LogD3D11RHI:    1. 'Intel(R) HD Graphics 530' (Feature Level 11_0)
[2017.04.24-19.45.53:268][  0]LogD3D11RHI:       128/0/16322 MB DedicatedVideo/DedicatedSystem/SharedSystem, Outputs:0, VendorId:0x8086
[2017.04.24-19.45.53:269][  0]LogD3D11RHI:    2. 'Microsoft Basic Render Driver' (Feature Level 11_0)
[2017.04.24-19.45.53:269][  0]LogD3D11RHI:       0/0/16322 MB DedicatedVideo/DedicatedSystem/SharedSystem, Outputs:0, VendorId:0x1414
[2017.04.24-19.45.53:269][  0]LogD3D11RHI: Chosen D3D11 Adapter: 0
[2017.04.24-19.45.53:276][  0]LogD3D11RHI: Creating new Direct3DDevice
[2017.04.24-19.45.53:276][  0]LogD3D11RHI:     GPU DeviceId: 0x1be1 (for the marketing name, search the web for "GPU Device Id")
[2017.04.24-19.45.53:276][  0]LogWindows: EnumDisplayDevices:
[2017.04.24-19.45.53:276][  0]LogWindows:    0. 'NVIDIA GeForce GTX 1070' (P:1 D:1)
[2017.04.24-19.45.53:276][  0]LogWindows:    1. 'NVIDIA GeForce GTX 1070' (P:0 D:0)
[2017.04.24-19.45.53:276][  0]LogWindows:    2. 'NVIDIA GeForce GTX 1070' (P:0 D:0)
[2017.04.24-19.45.53:277][  0]LogWindows:    3. 'NVIDIA GeForce GTX 1070' (P:0 D:0)
[2017.04.24-19.45.53:277][  0]LogWindows:    4. 'Intel(R) HD Graphics 530' (P:0 D:0)
[2017.04.24-19.45.53:277][  0]LogWindows:    5. 'Intel(R) HD Graphics 530' (P:0 D:0)
[2017.04.24-19.45.53:277][  0]LogWindows:    6. 'Intel(R) HD Graphics 530' (P:0 D:0)
[2017.04.24-19.45.53:277][  0]LogWindows: DebugString: PrimaryIsNotTheChoosenAdapter PrimaryIsNotTheChoosenAdapter PrimaryIsNotTheChoosenAdapter FoundDriverCount:4 
[2017.04.24-19.45.53:277][  0]LogD3D11RHI:     Adapter Name: NVIDIA GeForce GTX 1070
[2017.04.24-19.45.53:278][  0]LogD3D11RHI:   Driver Version: 369.45 (internal:21.21.13.6945, unified:369.45)
[2017.04.24-19.45.53:278][  0]LogD3D11RHI:      Driver Date: 9-30-2016
[2017.04.24-19.45.53:278][  0]LogRHI: Texture pool is 1361 MB (70% of 1945 MB)
[2017.04.24-19.45.53:927][  0]LogD3D11RHI: Async texture creation enabled
[2017.04.24-19.45.54:037][  0]LogD3D11RHI: GPU Timing Frequency: 1000.000000 (Debug: 2 1)
[2017.04.24-19.45.54:090][  0]LogShaderCompilers: Guid format shader working directory is -39 characters bigger than the processId version (../../../../../../Users/amarz/Documents/Virtual Worlds/ShutterIslandChase/Game Files/Intermediate/Shaders/WorkingDirectory/18176/).
[2017.04.24-19.45.54:090][  0]LogShaderCompilers: Cleaned the shader compiler working directory 'C:/Users/amarz/AppData/Local/Temp/UnrealShaderWorkingDir/B4F3CE384045A539EA61D79A1289159B/'.
[2017.04.24-19.45.54:091][  0]LogShaderCompilers:Display: Using Local Shader Compiler.
[2017.04.24-19.45.57:195][  0]LogTemp:Display: Loaded TP AllDesktopTargetPlatform
[2017.04.24-19.45.57:269][  0]LogTemp:Display: Loaded TP MacClientTargetPlatform
[2017.04.24-19.45.57:353][  0]LogTemp:Display: Loaded TP MacNoEditorTargetPlatform
[2017.04.24-19.45.57:424][  0]LogTemp:Display: Loaded TP MacServerTargetPlatform
[2017.04.24-19.45.57:521][  0]LogTemp:Display: Loaded TP MacTargetPlatform
[2017.04.24-19.45.57:621][  0]LogTemp:Display: Loaded TP WindowsClientTargetPlatform
[2017.04.24-19.45.57:708][  0]LogTemp:Display: Loaded TP WindowsNoEditorTargetPlatform
[2017.04.24-19.45.57:782][  0]LogTemp:Display: Loaded TP WindowsServerTargetPlatform
[2017.04.24-19.45.57:834][  0]LogTemp:Display: Loaded TP WindowsTargetPlatform
[2017.04.24-19.45.57:911][  0]LogTemp:Display: Loaded TP AndroidTargetPlatform
[2017.04.24-19.45.57:989][  0]LogTemp:Display: Loaded TP Android_ASTCTargetPlatform
[2017.04.24-19.45.58:074][  0]LogTemp:Display: Loaded TP Android_ATCTargetPlatform
[2017.04.24-19.45.58:162][  0]LogTemp:Display: Loaded TP Android_DXTTargetPlatform
[2017.04.24-19.45.58:234][  0]LogTemp:Display: Loaded TP Android_ETC1TargetPlatform
[2017.04.24-19.45.58:308][  0]LogTemp:Display: Loaded TP Android_ETC2TargetPlatform
[2017.04.24-19.45.58:453][  0]LogTemp:Display: Loaded TP Android_MultiTargetPlatform
[2017.04.24-19.45.58:453][  0]LogTemp:Display: Loaded TP Android_PVRTCTargetPlatform
[2017.04.24-19.45.58:508][  0]LogTemp:Display: Loaded TP HTML5TargetPlatform
[2017.04.24-19.45.58:689][  0]LogTemp:Display: Loaded TP IOSTargetPlatform
[2017.04.24-19.45.58:749][  0]LogTemp:Display: Loaded TP TVOSTargetPlatform
[2017.04.24-19.45.58:837][  0]LogTemp:Display: Loaded TP LinuxClientTargetPlatform
[2017.04.24-19.45.58:927][  0]LogTemp:Display: Loaded TP LinuxNoEditorTargetPlatform
[2017.04.24-19.45.59:007][  0]LogTemp:Display: Loaded TP LinuxServerTargetPlatform
[2017.04.24-19.45.59:101][  0]LogTemp:Display: Loaded TP LinuxTargetPlatform
[2017.04.24-19.45.59:101][  0]LogTargetPlatformManager:Display: Building Assets For Windows
[2017.04.24-19.46.00:255][  0]LogDerivedDataCache:Display: Max Cache Size: 512 MB
[2017.04.24-19.46.00:414][  0]LogDerivedDataCache: Loaded boot cache 0.16s 50MB C:/Users/amarz/AppData/Local/UnrealEngine/4.15/DerivedDataCache/Boot.ddc.
[2017.04.24-19.46.00:414][  0]LogDerivedDataCache:Display: Loaded Boot cache: C:/Users/amarz/AppData/Local/UnrealEngine/4.15/DerivedDataCache/Boot.ddc
[2017.04.24-19.46.00:415][  0]LogDerivedDataCache: FDerivedDataBackendGraph:  Pak pak cache file ../../../../../../Users/amarz/Documents/Virtual Worlds/ShutterIslandChase/Game Files/DerivedDataCache/DDC.ddp not found, will not use a pak cache.
[2017.04.24-19.46.00:415][  0]LogDerivedDataCache: Unable to find inner node Pak for hierarchical cache Hierarchy.
[2017.04.24-19.46.00:415][  0]LogDerivedDataCache: FDerivedDataBackendGraph:  CompressedPak pak cache file ../../../../../../Users/amarz/Documents/Virtual Worlds/ShutterIslandChase/Game Files/DerivedDataCache/Compressed.ddp not found, will not use a pak cache.
[2017.04.24-19.46.00:415][  0]LogDerivedDataCache: Unable to find inner node CompressedPak for hierarchical cache Hierarchy.
[2017.04.24-19.46.00:464][  0]LogDerivedDataCache:Display: Pak cache opened for reading ../../../Engine/DerivedDataCache/Compressed.ddp.
[2017.04.24-19.46.00:477][  0]LogDerivedDataCache: Using Local data cache path C:/Users/amarz/AppData/Local/UnrealEngine/Common/DerivedDataCache: Writable
[2017.04.24-19.46.00:501][  0]LogSlate: Using Freetype 2.6.0
[2017.04.24-19.46.00:529][  0]LogSlate: SlateFontCache - WITH_FREETYPE: 1, WITH_HARFBUZZ: 1
[2017.04.24-19.46.00:530][  0]LogSlate: SlateFontCache - WITH_FREETYPE: 1, WITH_HARFBUZZ: 1
[2017.04.24-19.46.05:136][  0]LogInit: Selected Device Profile: [Windows]
[2017.04.24-19.46.05:146][  0]LogContentStreaming: Texture pool size is 0.00 MB
[2017.04.24-19.46.05:622][  0]LogMeshUtilities: Using QuadricMeshReduction for automatic static mesh reduction
[2017.04.24-19.46.05:698][  0]LogSimplygon: Simplygon DLL not present - disabling.
[2017.04.24-19.46.05:776][  0]LogMeshUtilities: Using SimplygonSwarm for distributed automatic mesh merging
[2017.04.24-19.46.05:776][  0]LogMeshUtilities: No automatic skeletal mesh reduction module available
[2017.04.24-19.46.05:776][  0]LogMeshUtilities: No automatic mesh merging module available
[2017.04.24-19.46.07:693][  0]LogNetVersion: GetLocalNetworkVersion: CL: 3299760, ProjectName: shutterislandescape, ProjectVersion: , EngineNetworkVersion: 2, GameNetworkVersion: 0, NetworkChecksum: 2393449832
[2017.04.24-19.46.07:756][  0]LogAssetRegistry: FAssetRegistry took 0.0230 seconds to start up
[2017.04.24-19.46.07:845][  0]LogPackageLocalizationCache: Processed 3 localized package path(s) for 2 prioritized culture(s) in 0.050025 seconds
[2017.04.24-19.46.07:854][  0]LogUObjectArray: 32493 objects as part of root set at end of initial load.
[2017.04.24-19.46.07:854][  0]LogUObjectAllocator: 7077032 out of 0 bytes used by permanent object pool.
[2017.04.24-19.46.07:854][  0]LogUObjectArray: CloseDisregardForGC: 0/0 objects in disregard for GC pool
[2017.04.24-19.46.07:976][  0]LogInit: WinSock: version 1.1 (2.2), MaxSocks=32767, MaxUdp=65467
[2017.04.24-19.46.14:537][  0]LogTcpMessaging: Initializing TcpMessaging bridge
[2017.04.24-19.46.14:599][  0]LogUdpMessaging: Initializing bridge on interface 0.0.0.0:0 to multicast group 230.0.0.1:6666.
[2017.04.24-19.46.15:457][  0]LogMaterial: Uniform references updated for custom material expression Custom.
[2017.04.24-19.46.16:100][  0]SourceControl: Info Source control is disabled
[2017.04.24-19.46.16:212][  0]SourceControl: Info Source control is disabled
[2017.04.24-19.46.16:285][  0]SourceControl: Info Source control is disabled
[2017.04.24-19.46.16:354][  0]SourceControl: Info Source control is disabled
[2017.04.24-19.46.18:471][  0]LogEngine: Initializing Engine...
[2017.04.24-19.46.18:472][  0]LogHMD: Failed to initialize OpenVR with code 110
[2017.04.24-19.46.19:009][  0]LogAIModule: Creating AISystem for world Untitled
[2017.04.24-19.46.19:031][  0]LogInit: XAudio2 using 'Speakers / Headphones (Realtek Audio)' : 8 channels at 48 kHz using 32 bits per sample (channel mask 0x63f)
[2017.04.24-19.46.19:439][  0]LogInit: FAudioDevice initialized.
[2017.04.24-19.46.19:466][  0]LogDerivedDataCache: Saved boot cache 0.03s 50MB C:/Users/amarz/AppData/Local/UnrealEngine/4.15/DerivedDataCache/Boot.ddc.
[2017.04.24-19.46.19:472][  0]LogInit: Texture streaming: Enabled
[2017.04.24-19.46.19:616][  0]LogEngineSessionManager: EngineSessionManager initialized
[2017.04.24-19.46.19:739][  0]LogInit: Transaction tracking system initialized
[2017.04.24-19.46.20:231][  0]BlueprintLog: New page: Editor Load
[2017.04.24-19.46.21:489][  0]LocalizationService: Info Localization service is disabled
[2017.04.24-19.46.22:323][  0]LogConsoleResponse:Display: 
[2017.04.24-19.46.22:755][  0]LogCook:Display: Max memory allowance for cook 16384mb min free memory 0mb
[2017.04.24-19.46.22:755][  0]LogCook:Display: Mobile HDR setting 1
[2017.04.24-19.46.23:330][  0]LogFileCache: Scanning file cache for directory 'C:/Users/amarz/Documents/Virtual Worlds/ShutterIslandChase/Game Files/Content/' took 0.02s
[2017.04.24-19.46.24:170][  0]SourceControl: Info Source control is disabled
[2017.04.24-19.46.24:172][  0]Cmd: MAP LOAD FILE="../../../../../../Users/amarz/Documents/Virtual Worlds/ShutterIslandChase/Game Files/Content/ThirdPersonBP/Maps/ThirdPersonExampleMap.umap" TEMPLATE=0 SHOWPROGRESS=1 FEATURELEVEL=3
[2017.04.24-19.46.24:173][  0]LightingResults: New page: Lighting Build
[2017.04.24-19.46.24:224][  0]MapCheck: New page: Map Check
[2017.04.24-19.46.24:224][  0]LightingResults: New page: Lighting Build
[2017.04.24-19.46.26:501][  0]LogAIModule: Creating AISystem for world ThirdPersonExampleMap
[2017.04.24-19.46.26:564][  0]LogEditorServer: Finished looking for orphan Actors (0.000 secs)
[2017.04.24-19.46.26:566][  0]Cmd: MAP CHECKDEP NOCLEARLOG
[2017.04.24-19.46.26:618][  0]MapCheck: Info Map check complete: 0 Error(s), 0 Warning(s), took 51.985ms to complete.
[2017.04.24-19.46.26:618][  0]LogFileHelpers: Loading map 'ThirdPersonExampleMap' took 2.447
[2017.04.24-19.46.27:082][  0]LogCollectionManager: Loaded 0 collections in 0.002236 seconds
[2017.04.24-19.46.27:202][  0]LogFileCache: Scanning file cache for directory 'C:/Users/amarz/Documents/Virtual Worlds/ShutterIslandChase/Game Files/Saved/Collections/' took 0.01s
[2017.04.24-19.46.27:202][  0]LogFileCache: Scanning file cache for directory 'C:/Users/amarz/Documents/Virtual Worlds/ShutterIslandChase/Game Files/Content/Developers/amarz/Collections/' took 0.01s
[2017.04.24-19.46.27:202][  0]LogFileCache: Scanning file cache for directory 'C:/Users/amarz/Documents/Virtual Worlds/ShutterIslandChase/Game Files/Content/Collections/' took 0.01s
[2017.04.24-19.46.27:202][  0]LogCollectionManager: Rebuilt the GUID cache for 0 collections in 0.000007 seconds
[2017.04.24-19.46.27:217][  0]LogContentBrowser: Native class hierarchy populated in 0.0132 seconds. Added 2245 classes and 453 folders.
[2017.04.24-19.46.27:224][  0]LogStats: UGameplayTagsManager::ConstructGameplayTagTree: Construct from data asset -  0.000 s
[2017.04.24-19.46.27:224][  0]LogStats: UGameplayTagsManager::ConstructGameplayTagTree: GameplayTagTreeChangedEvent.Broadcast -  0.000 s
[2017.04.24-19.46.27:296][  0]LogContentBrowser: Native class hierarchy updated for 'WidgetCarousel' in 0.0005 seconds. Added 0 classes and 0 folders.
[2017.04.24-19.46.27:735][  0]LogContentBrowser: Native class hierarchy updated for 'AddContentDialog' in 0.0006 seconds. Added 0 classes and 0 folders.
[2017.04.24-19.46.27:788][  0]LogContentBrowser: Native class hierarchy updated for 'SceneOutliner' in 0.0006 seconds. Added 1 classes and 2 folders.
[2017.04.24-19.46.28:016][  0]LogCrashTracker: Crashtracker disabled due to settings.
[2017.04.24-19.46.29:331][  0]LogSlate: Only BGRA pngs, bmps or icos are supported in by External Image Picker
[2017.04.24-19.46.29:367][  0]LogUObjectGlobals:Warning: Failed to find object 'Class None.'
[2017.04.24-19.46.29:451][  0]LogContentBrowser: Native class hierarchy updated for 'HierarchicalLODOutliner' in 0.0005 seconds. Added 1 classes and 2 folders.
[2017.04.24-19.46.29:451][  0]LogLoad: (Engine Initialization) Total time: 46.84 seconds
[2017.04.24-19.46.29:451][  0]LogLoad: (Engine Initialization) Total Blueprint compile time: 0.63 seconds
[2017.04.24-19.46.29:451][  0]LogExternalProfiler: Found external profiler: VSPerf
[2017.04.24-19.46.29:451][  0]LogExternalProfiler: Using external profiler: VSPerf
[2017.04.24-19.46.29:793][  0]LogTemp:Display: Executing iPhonePackager certificates Engine -bundlename com.YourCompany.ShutterIslandEscape

[2017.04.24-19.46.29:793][  0]LogTemp:Display: CWD: C:\Program Files\Epic Games\UE_4.15\Engine\Binaries\DotNET\IOS

[2017.04.24-19.46.29:793][  0]LogTemp:Display: Initial Dir: C:\Program Files\Epic Games\UE_4.15

[2017.04.24-19.46.29:793][  0]LogTemp:Display: Env CWD: C:\Program Files\Epic Games\UE_4.15\Engine\Binaries\DotNET\IOS

[2017.04.24-19.46.29:793][  0]LogTemp:Display: BranchPath = DESKTOP-JPBMJ26/C/Program Files/Epic Games/UE_4.15/Engine/Binaries --- GameBranchPath = DESKTOP-JPBMJ26/C/Program Files/Epic Games/UE_4.15/Engine/Binaries

[2017.04.24-19.46.29:793][  0]LogTemp:Display: IPP ERROR: Application exception: System.IO.DirectoryNotFoundException: Could not find a part of the path 'C:\Users\amarz\AppData\Local\Apple Computer\MobileDevice\Provisioning Profiles'.

[2017.04.24-19.46.29:793][  0]LogTemp:Display:    at System.IO.__Error.WinIOError(Int32 errorCode, String maybeFullPath)

[2017.04.24-19.46.29:793][  0]LogTemp:Display:    at System.IO.FileSystemEnumerableIterator`1.CommonInit()

[2017.04.24-19.46.29:794][  0]LogTemp:Display:    at System.IO.Directory.EnumerateFiles(String path, String searchPattern)

[2017.04.24-19.46.29:794][  0]LogTemp:Display:    at iPhonePackager.CodeSignatureBuilder.FindProvisions(String CFBundleIdentifier)

[2017.04.24-19.46.29:794][  0]LogTemp:Display:    at iPhonePackager.Program.Main(String[] args)

[2017.04.24-19.46.29:794][  0]LogOcInput: OculusInput pre-init called
[2017.04.24-19.46.29:819][  0]LogContentStreaming: Texture pool size now 1000 MB
[2017.04.24-19.46.29:828][  0]LogSlate: Took 0.005806 seconds to synchronously load lazily loaded font '../../../Engine/Content/Slate/Fonts/Roboto-Regular.ttf' (155K)
[2017.04.24-19.46.29:838][  0]LogSlate: Took 0.005369 seconds to synchronously load lazily loaded font '../../../Engine/Content/Slate/Fonts/Roboto-Bold.ttf' (160K)
[2017.04.24-19.46.29:850][  0]LogSlate: Took 0.005249 seconds to synchronously load lazily loaded font '../../../Engine/Content/Editor/Slate/Fonts/FontAwesome.ttf' (139K)
[2017.04.24-19.46.29:999][  0]LogSlate: Took 0.004774 seconds to synchronously load lazily loaded font '../../../Engine/Content/Slate/Fonts/Roboto-Light.ttf' (159K)
[2017.04.24-19.46.30:049][  0]LogRenderer: Reallocating scene render targets to support 876x436 NumSamples 1 (Frame:2).
[2017.04.24-19.46.30:150][  1]LogAssetRegistry: Asset discovery search completed in 22.4156 seconds
[2017.04.24-19.46.30:151][  1]LogCollectionManager: Rebuilt the object cache for 0 collections in 0.000005 seconds (found 0 objects)
[2017.04.24-19.46.30:151][  1]LogCollectionManager: Fixed up redirectors for 0 collections in 0.000192 seconds (updated 0 objects)
[2017.04.24-19.51.24:088][516]LogTemp: Repeting last play command: Selected Viewport
[2017.04.24-19.51.24:103][516]LogBlueprintUserMessages: Early PlayInEditor Detection: Level '/Game/ThirdPersonBP/Maps/ThirdPersonExampleMap.ThirdPersonExampleMap:PersistentLevel' has LevelScriptBlueprint '/Game/ThirdPersonBP/Maps/ThirdPersonExampleMap.ThirdPersonExampleMap:PersistentLevel.ThirdPersonExampleMap' with GeneratedClass '/Game/ThirdPersonBP/Maps/ThirdPersonExampleMap.ThirdPersonExampleMap_C' with ClassGeneratedBy '/Game/ThirdPersonBP/Maps/ThirdPersonExampleMap.ThirdPersonExampleMap:PersistentLevel.ThirdPersonExampleMap'
[2017.04.24-19.51.24:103][516]LogPlayLevel: PlayLevel: No blueprints needed recompiling
[2017.04.24-19.51.24:103][516]PIE: New page: PIE session: ThirdPersonExampleMap (Apr 24, 2017, 7:51:24 AM)
[2017.04.24-19.51.24:104][516]LogPlayLevel: Creating play world package: /Game/ThirdPersonBP/Maps/UEDPIE_0_ThirdPersonExampleMap
[2017.04.24-19.51.24:204][516]LogPlayLevel: PIE: StaticDuplicateObject took: (0.100963s)
[2017.04.24-19.51.24:205][516]LogAIModule: Creating AISystem for world ThirdPersonExampleMap
[2017.04.24-19.51.24:205][516]LogPlayLevel: PIE: World Init took: (0.000949s)
[2017.04.24-19.51.24:206][516]LogPlayLevel: PIE: Created PIE world by copying editor world from /Game/ThirdPersonBP/Maps/ThirdPersonExampleMap.ThirdPersonExampleMap to /Game/ThirdPersonBP/Maps/UEDPIE_0_ThirdPersonExampleMap.ThirdPersonExampleMap (0.102482s)
[2017.04.24-19.51.24:242][516]LogInit: XAudio2 using 'Speakers / Headphones (Realtek Audio)' : 8 channels at 48 kHz using 32 bits per sample (channel mask 0x63f)
[2017.04.24-19.51.24:352][516]LogInit: FAudioDevice initialized.
[2017.04.24-19.51.24:436][516]LogLoad: Game class is 'ThirdPersonGameMode_C'
[2017.04.24-19.51.24:445][516]LogWorld: Bringing World /Game/ThirdPersonBP/Maps/UEDPIE_0_ThirdPersonExampleMap.ThirdPersonExampleMap up for play (max tick rate 60) at 2017.04.24-13.51.24
[2017.04.24-19.51.24:446][516]LogWorld: Bringing up level for play took: 0.007093
[2017.04.24-19.51.24:491][516]LogContentBrowser: Native class hierarchy updated for 'MovieSceneCapture' in 0.0006 seconds. Added 11 classes and 0 folders.
[2017.04.24-19.51.24:491][516]LogGameMode:Display: Match State Changed from EnteringMap to WaitingToStart
[2017.04.24-19.51.24:491][516]LogGameState: Match State Changed from EnteringMap to WaitingToStart
[2017.04.24-19.51.24:491][516]LogGameMode:Display: Match State Changed from WaitingToStart to InProgress
[2017.04.24-19.51.24:492][516]LogGameState: Match State Changed from WaitingToStart to InProgress
[2017.04.24-19.51.24:493][516]PIE: Info Play in editor start time for /Game/ThirdPersonBP/Maps/UEDPIE_0_ThirdPersonExampleMap -0.475
[2017.04.24-19.51.24:493][516]LogBlueprintUserMessages: Late PlayInEditor Detection: Level '/Game/ThirdPersonBP/Maps/ThirdPersonExampleMap.ThirdPersonExampleMap:PersistentLevel' has LevelScriptBlueprint '/Game/ThirdPersonBP/Maps/ThirdPersonExampleMap.ThirdPersonExampleMap:PersistentLevel.ThirdPersonExampleMap' with GeneratedClass '/Game/ThirdPersonBP/Maps/ThirdPersonExampleMap.ThirdPersonExampleMap_C' with ClassGeneratedBy '/Game/ThirdPersonBP/Maps/ThirdPersonExampleMap.ThirdPersonExampleMap:PersistentLevel.ThirdPersonExampleMap'
[2017.04.24-19.51.40:058][448]LogBlueprintUserMessages: Early EndPlayMap Detection: Level '/Game/ThirdPersonBP/Maps/ThirdPersonExampleMap.ThirdPersonExampleMap:PersistentLevel' has LevelScriptBlueprint '/Game/ThirdPersonBP/Maps/ThirdPersonExampleMap.ThirdPersonExampleMap:PersistentLevel.ThirdPersonExampleMap' with GeneratedClass '/Game/ThirdPersonBP/Maps/ThirdPersonExampleMap.ThirdPersonExampleMap_C' with ClassGeneratedBy '/Game/ThirdPersonBP/Maps/ThirdPersonExampleMap.ThirdPersonExampleMap:PersistentLevel.ThirdPersonExampleMap'
[2017.04.24-19.51.40:168][448]LogBlueprintUserMessages: Late EndPlayMap Detection: Level '/Game/ThirdPersonBP/Maps/ThirdPersonExampleMap.ThirdPersonExampleMap:PersistentLevel' has LevelScriptBlueprint '/Game/ThirdPersonBP/Maps/ThirdPersonExampleMap.ThirdPersonExampleMap:PersistentLevel.ThirdPersonExampleMap' with GeneratedClass '/Game/ThirdPersonBP/Maps/ThirdPersonExampleMap.ThirdPersonExampleMap_C' with ClassGeneratedBy '/Game/ThirdPersonBP/Maps/ThirdPersonExampleMap.ThirdPersonExampleMap:PersistentLevel.ThirdPersonExampleMap'
[2017.04.24-19.52.28:904][306]LogSlate: Took 0.000137 seconds to synchronously load lazily loaded font '../../../Engine/Content/Slate/Fonts/Roboto-Light.ttf' (159K)
[2017.04.24-19.52.28:957][306]LogStaticMesh: Building static mesh Box_Brush284_StaticMesh...
[2017.04.24-19.52.28:958][306]LogMeshUtilities: Invalid vertex normals found for mesh. Forcing recomputation of vertex normals for MikkTSpace. Fix mesh or disable "Use MikkTSpace Tangent Space" to avoid forced recomputation of normals.
[2017.04.24-19.52.28:960][306]LogStaticMesh: Built static mesh [0.00s] /Game/ThirdPersonBP/Meshes/Box_Brush284_StaticMesh.Box_Brush284_StaticMesh
[2017.04.24-19.52.29:452][306]LogActorFactory: Actor Factory created Box_Brush284_StaticMesh
[2017.04.24-19.52.29:964][306]EditorErrors: New page: Actor Reattachment
[2017.04.24-19.52.48:404][388]LogTemp: Repeting last play command: Selected Viewport
[2017.04.24-19.52.48:417][388]LogBlueprintUserMessages: Early PlayInEditor Detection: Level '/Game/ThirdPersonBP/Maps/ThirdPersonExampleMap.ThirdPersonExampleMap:PersistentLevel' has LevelScriptBlueprint '/Game/ThirdPersonBP/Maps/ThirdPersonExampleMap.ThirdPersonExampleMap:PersistentLevel.ThirdPersonExampleMap' with GeneratedClass '/Game/ThirdPersonBP/Maps/ThirdPersonExampleMap.ThirdPersonExampleMap_C' with ClassGeneratedBy '/Game/ThirdPersonBP/Maps/ThirdPersonExampleMap.ThirdPersonExampleMap:PersistentLevel.ThirdPersonExampleMap'
[2017.04.24-19.52.48:417][388]LogPlayLevel: PlayLevel: No blueprints needed recompiling
[2017.04.24-19.52.48:418][388]PIE: New page: PIE session: ThirdPersonExampleMap (Apr 24, 2017, 7:52:48 AM)
[2017.04.24-19.52.48:418][388]LogPlayLevel: Creating play world package: /Game/ThirdPersonBP/Maps/UEDPIE_0_ThirdPersonExampleMap
[2017.04.24-19.52.48:516][388]LogPlayLevel: PIE: StaticDuplicateObject took: (0.098499s)
[2017.04.24-19.52.48:517][388]LogAIModule: Creating AISystem for world ThirdPersonExampleMap
[2017.04.24-19.52.48:517][388]LogPlayLevel: PIE: World Init took: (0.000961s)
[2017.04.24-19.52.48:517][388]LogPlayLevel: PIE: Created PIE world by copying editor world from /Game/ThirdPersonBP/Maps/ThirdPersonExampleMap.ThirdPersonExampleMap to /Game/ThirdPersonBP/Maps/UEDPIE_0_ThirdPersonExampleMap.ThirdPersonExampleMap (0.099772s)
[2017.04.24-19.52.48:535][388]LogInit: XAudio2 using 'Speakers / Headphones (Realtek Audio)' : 8 channels at 48 kHz using 32 bits per sample (channel mask 0x63f)
[2017.04.24-19.52.48:581][388]LogInit: FAudioDevice initialized.
[2017.04.24-19.52.48:619][388]LogLoad: Game class is 'ThirdPersonGameMode_C'
[2017.04.24-19.52.48:636][388]LogWorld: Bringing World /Game/ThirdPersonBP/Maps/UEDPIE_0_ThirdPersonExampleMap.ThirdPersonExampleMap up for play (max tick rate 60) at 2017.04.24-13.52.48
[2017.04.24-19.52.48:637][388]LogWorld: Bringing up level for play took: 0.014317
[2017.04.24-19.52.48:638][388]LogGameMode:Display: Match State Changed from EnteringMap to WaitingToStart
[2017.04.24-19.52.48:638][388]LogGameState: Match State Changed from EnteringMap to WaitingToStart
[2017.04.24-19.52.48:638][388]LogGameMode:Display: Match State Changed from WaitingToStart to InProgress
[2017.04.24-19.52.48:639][388]LogGameState: Match State Changed from WaitingToStart to InProgress
[2017.04.24-19.52.48:640][388]PIE: Info Play in editor start time for /Game/ThirdPersonBP/Maps/UEDPIE_0_ThirdPersonExampleMap -0.328
[2017.04.24-19.52.48:640][388]LogBlueprintUserMessages: Late PlayInEditor Detection: Level '/Game/ThirdPersonBP/Maps/ThirdPersonExampleMap.ThirdPersonExampleMap:PersistentLevel' has LevelScriptBlueprint '/Game/ThirdPersonBP/Maps/ThirdPersonExampleMap.ThirdPersonExampleMap:PersistentLevel.ThirdPersonExampleMap' with GeneratedClass '/Game/ThirdPersonBP/Maps/ThirdPersonExampleMap.ThirdPersonExampleMap_C' with ClassGeneratedBy '/Game/ThirdPersonBP/Maps/ThirdPersonExampleMap.ThirdPersonExampleMap:PersistentLevel.ThirdPersonExampleMap'
[2017.04.24-19.53.31:279][941]LogBlueprintUserMessages: Early EndPlayMap Detection: Level '/Game/ThirdPersonBP/Maps/ThirdPersonExampleMap.ThirdPersonExampleMap:PersistentLevel' has LevelScriptBlueprint '/Game/ThirdPersonBP/Maps/ThirdPersonExampleMap.ThirdPersonExampleMap:PersistentLevel.ThirdPersonExampleMap' with GeneratedClass '/Game/ThirdPersonBP/Maps/ThirdPersonExampleMap.ThirdPersonExampleMap_C' with ClassGeneratedBy '/Game/ThirdPersonBP/Maps/ThirdPersonExampleMap.ThirdPersonExampleMap:PersistentLevel.ThirdPersonExampleMap'
[2017.04.24-19.53.31:353][941]LogBlueprintUserMessages: Late EndPlayMap Detection: Level '/Game/ThirdPersonBP/Maps/ThirdPersonExampleMap.ThirdPersonExampleMap:PersistentLevel' has LevelScriptBlueprint '/Game/ThirdPersonBP/Maps/ThirdPersonExampleMap.ThirdPersonExampleMap:PersistentLevel.ThirdPersonExampleMap' with GeneratedClass '/Game/ThirdPersonBP/Maps/ThirdPersonExampleMap.ThirdPersonExampleMap_C' with ClassGeneratedBy '/Game/ThirdPersonBP/Maps/ThirdPersonExampleMap.ThirdPersonExampleMap:PersistentLevel.ThirdPersonExampleMap'
[2017.04.24-19.53.56:380][415]LogTemp: Repeting last play command: Selected Viewport
[2017.04.24-19.53.56:393][415]LogBlueprintUserMessages: Early PlayInEditor Detection: Level '/Game/ThirdPersonBP/Maps/ThirdPersonExampleMap.ThirdPersonExampleMap:PersistentLevel' has LevelScriptBlueprint '/Game/ThirdPersonBP/Maps/ThirdPersonExampleMap.ThirdPersonExampleMap:PersistentLevel.ThirdPersonExampleMap' with GeneratedClass '/Game/ThirdPersonBP/Maps/ThirdPersonExampleMap.ThirdPersonExampleMap_C' with ClassGeneratedBy '/Game/ThirdPersonBP/Maps/ThirdPersonExampleMap.ThirdPersonExampleMap:PersistentLevel.ThirdPersonExampleMap'
[2017.04.24-19.53.56:394][415]LogPlayLevel: PlayLevel: No blueprints needed recompiling
[2017.04.24-19.53.56:394][415]PIE: New page: PIE session: ThirdPersonExampleMap (Apr 24, 2017, 7:53:56 AM)
[2017.04.24-19.53.56:394][415]LogPlayLevel: Creating play world package: /Game/ThirdPersonBP/Maps/UEDPIE_0_ThirdPersonExampleMap
[2017.04.24-19.53.56:490][415]LogPlayLevel: PIE: StaticDuplicateObject took: (0.096594s)
[2017.04.24-19.53.56:491][415]LogAIModule: Creating AISystem for world ThirdPersonExampleMap
[2017.04.24-19.53.56:491][415]LogPlayLevel: PIE: World Init took: (0.000813s)
[2017.04.24-19.53.56:491][415]LogPlayLevel: PIE: Created PIE world by copying editor world from /Game/ThirdPersonBP/Maps/ThirdPersonExampleMap.ThirdPersonExampleMap to /Game/ThirdPersonBP/Maps/UEDPIE_0_ThirdPersonExampleMap.ThirdPersonExampleMap (0.097732s)
[2017.04.24-19.53.56:511][415]LogInit: XAudio2 using 'Speakers / Headphones (Realtek Audio)' : 8 channels at 48 kHz using 32 bits per sample (channel mask 0x63f)
[2017.04.24-19.53.56:577][415]LogInit: FAudioDevice initialized.
[2017.04.24-19.53.56:617][415]LogLoad: Game class is 'ThirdPersonGameMode_C'
[2017.04.24-19.53.56:633][415]LogWorld: Bringing World /Game/ThirdPersonBP/Maps/UEDPIE_0_ThirdPersonExampleMap.ThirdPersonExampleMap up for play (max tick rate 60) at 2017.04.24-13.53.56
[2017.04.24-19.53.56:634][415]LogWorld: Bringing up level for play took: 0.014012
[2017.04.24-19.53.56:635][415]LogGameMode:Display: Match State Changed from EnteringMap to WaitingToStart
[2017.04.24-19.53.56:635][415]LogGameState: Match State Changed from EnteringMap to WaitingToStart
[2017.04.24-19.53.56:635][415]LogGameMode:Display: Match State Changed from WaitingToStart to InProgress
[2017.04.24-19.53.56:636][415]LogGameState: Match State Changed from WaitingToStart to InProgress
[2017.04.24-19.53.56:636][415]PIE: Info Play in editor start time for /Game/ThirdPersonBP/Maps/UEDPIE_0_ThirdPersonExampleMap -0.331
[2017.04.24-19.53.56:637][415]LogBlueprintUserMessages: Late PlayInEditor Detection: Level '/Game/ThirdPersonBP/Maps/ThirdPersonExampleMap.ThirdPersonExampleMap:PersistentLevel' has LevelScriptBlueprint '/Game/ThirdPersonBP/Maps/ThirdPersonExampleMap.ThirdPersonExampleMap:PersistentLevel.ThirdPersonExampleMap' with GeneratedClass '/Game/ThirdPersonBP/Maps/ThirdPersonExampleMap.ThirdPersonExampleMap_C' with ClassGeneratedBy '/Game/ThirdPersonBP/Maps/ThirdPersonExampleMap.ThirdPersonExampleMap:PersistentLevel.ThirdPersonExampleMap'
[2017.04.24-19.54.19:790][800]LogBlueprintUserMessages: Early EndPlayMap Detection: Level '/Game/ThirdPersonBP/Maps/ThirdPersonExampleMap.ThirdPersonExampleMap:PersistentLevel' has LevelScriptBlueprint '/Game/ThirdPersonBP/Maps/ThirdPersonExampleMap.ThirdPersonExampleMap:PersistentLevel.ThirdPersonExampleMap' with GeneratedClass '/Game/ThirdPersonBP/Maps/ThirdPersonExampleMap.ThirdPersonExampleMap_C' with ClassGeneratedBy '/Game/ThirdPersonBP/Maps/ThirdPersonExampleMap.ThirdPersonExampleMap:PersistentLevel.ThirdPersonExampleMap'
[2017.04.24-19.54.19:876][800]LogBlueprintUserMessages: Late EndPlayMap Detection: Level '/Game/ThirdPersonBP/Maps/ThirdPersonExampleMap.ThirdPersonExampleMap:PersistentLevel' has LevelScriptBlueprint '/Game/ThirdPersonBP/Maps/ThirdPersonExampleMap.ThirdPersonExampleMap:PersistentLevel.ThirdPersonExampleMap' with GeneratedClass '/Game/ThirdPersonBP/Maps/ThirdPersonExampleMap.ThirdPersonExampleMap_C' with ClassGeneratedBy '/Game/ThirdPersonBP/Maps/ThirdPersonExampleMap.ThirdPersonExampleMap:PersistentLevel.ThirdPersonExampleMap'
[2017.04.24-19.54.21:749][904]LogEditorViewport: Clicking on Actor (LMB): StaticMeshActor (Box_Brush284_StaticMesh)
[2017.04.24-19.54.21:869][911]LogEditorViewport: Clicking on Component (LMB): StaticMeshComponent (StaticMeshComponent0)
[2017.04.24-19.54.24:230][ 49]LogEditorViewport: Clicking on Component (LMB): StaticMeshComponent (StaticMeshComponent0)
[2017.04.24-19.54.24:353][ 56]LogEditorViewport: Clicking on Actor (double click): StaticMeshActor (Box_Brush284_StaticMesh)
[2017.04.24-19.54.26:475][178]LogSlate: Took 0.006508 seconds to synchronously load lazily loaded font '../../../Engine/Content/Editor/Slate/Fonts/Roboto-Italic.ttf' (157K)
[2017.04.24-19.54.33:959][616]LogEditorViewport: Clicking on Actor (LMB): StaticMeshActor (Box_Brush284_StaticMesh)
[2017.04.24-19.54.34:129][626]LogEditorViewport: Clicking on Component (LMB): StaticMeshComponent (StaticMeshComponent0)
[2017.04.24-19.55.11:327][818]LogTemp: Repeting last play command: Selected Viewport
[2017.04.24-19.55.11:341][818]LogBlueprintUserMessages: Early PlayInEditor Detection: Level '/Game/ThirdPersonBP/Maps/ThirdPersonExampleMap.ThirdPersonExampleMap:PersistentLevel' has LevelScriptBlueprint '/Game/ThirdPersonBP/Maps/ThirdPersonExampleMap.ThirdPersonExampleMap:PersistentLevel.ThirdPersonExampleMap' with GeneratedClass '/Game/ThirdPersonBP/Maps/ThirdPersonExampleMap.ThirdPersonExampleMap_C' with ClassGeneratedBy '/Game/ThirdPersonBP/Maps/ThirdPersonExampleMap.ThirdPersonExampleMap:PersistentLevel.ThirdPersonExampleMap'
[2017.04.24-19.55.11:341][818]LogPlayLevel: PlayLevel: No blueprints needed recompiling
[2017.04.24-19.55.11:341][818]PIE: New page: PIE session: ThirdPersonExampleMap (Apr 24, 2017, 7:55:11 AM)
[2017.04.24-19.55.11:341][818]LogPlayLevel: Creating play world package: /Game/ThirdPersonBP/Maps/UEDPIE_0_ThirdPersonExampleMap
[2017.04.24-19.55.11:460][818]LogPlayLevel: PIE: StaticDuplicateObject took: (0.118609s)
[2017.04.24-19.55.11:461][818]LogAIModule: Creating AISystem for world ThirdPersonExampleMap
[2017.04.24-19.55.11:461][818]LogPlayLevel: PIE: World Init took: (0.001493s)
[2017.04.24-19.55.11:462][818]LogPlayLevel: PIE: Created PIE world by copying editor world from /Game/ThirdPersonBP/Maps/ThirdPersonExampleMap.ThirdPersonExampleMap to /Game/ThirdPersonBP/Maps/UEDPIE_0_ThirdPersonExampleMap.ThirdPersonExampleMap (0.120627s)
[2017.04.24-19.55.11:496][818]LogInit: XAudio2 using 'Speakers / Headphones (Realtek Audio)' : 8 channels at 48 kHz using 32 bits per sample (channel mask 0x63f)
[2017.04.24-19.55.11:551][818]LogInit: FAudioDevice initialized.
[2017.04.24-19.55.11:589][818]LogLoad: Game class is 'ThirdPersonGameMode_C'
[2017.04.24-19.55.11:610][818]LogWorld: Bringing World /Game/ThirdPersonBP/Maps/UEDPIE_0_ThirdPersonExampleMap.ThirdPersonExampleMap up for play (max tick rate 60) at 2017.04.24-13.55.11
[2017.04.24-19.55.11:611][818]LogWorld: Bringing up level for play took: 0.018086
[2017.04.24-19.55.11:612][818]LogGameMode:Display: Match State Changed from EnteringMap to WaitingToStart
[2017.04.24-19.55.11:613][818]LogGameState: Match State Changed from EnteringMap to WaitingToStart
[2017.04.24-19.55.11:613][818]LogGameMode:Display: Match State Changed from WaitingToStart to InProgress
[2017.04.24-19.55.11:614][818]LogGameState: Match State Changed from WaitingToStart to InProgress
[2017.04.24-19.55.11:614][818]PIE: Info Play in editor start time for /Game/ThirdPersonBP/Maps/UEDPIE_0_ThirdPersonExampleMap 0.647
[2017.04.24-19.55.11:615][818]LogBlueprintUserMessages: Late PlayInEditor Detection: Level '/Game/ThirdPersonBP/Maps/ThirdPersonExampleMap.ThirdPersonExampleMap:PersistentLevel' has LevelScriptBlueprint '/Game/ThirdPersonBP/Maps/ThirdPersonExampleMap.ThirdPersonExampleMap:PersistentLevel.ThirdPersonExampleMap' with GeneratedClass '/Game/ThirdPersonBP/Maps/ThirdPersonExampleMap.ThirdPersonExampleMap_C' with ClassGeneratedBy '/Game/ThirdPersonBP/Maps/ThirdPersonExampleMap.ThirdPersonExampleMap:PersistentLevel.ThirdPersonExampleMap'
[2017.04.24-19.55.26:642][717]LogBlueprintUserMessages: Early EndPlayMap Detection: Level '/Game/ThirdPersonBP/Maps/ThirdPersonExampleMap.ThirdPersonExampleMap:PersistentLevel' has LevelScriptBlueprint '/Game/ThirdPersonBP/Maps/ThirdPersonExampleMap.ThirdPersonExampleMap:PersistentLevel.ThirdPersonExampleMap' with GeneratedClass '/Game/ThirdPersonBP/Maps/ThirdPersonExampleMap.ThirdPersonExampleMap_C' with ClassGeneratedBy '/Game/ThirdPersonBP/Maps/ThirdPersonExampleMap.ThirdPersonExampleMap:PersistentLevel.ThirdPersonExampleMap'
[2017.04.24-19.55.26:765][717]LogBlueprintUserMessages: Late EndPlayMap Detection: Level '/Game/ThirdPersonBP/Maps/ThirdPersonExampleMap.ThirdPersonExampleMap:PersistentLevel' has LevelScriptBlueprint '/Game/ThirdPersonBP/Maps/ThirdPersonExampleMap.ThirdPersonExampleMap:PersistentLevel.ThirdPersonExampleMap' with GeneratedClass '/Game/ThirdPersonBP/Maps/ThirdPersonExampleMap.ThirdPersonExampleMap_C' with ClassGeneratedBy '/Game/ThirdPersonBP/Maps/ThirdPersonExampleMap.ThirdPersonExampleMap:PersistentLevel.ThirdPersonExampleMap'
[2017.04.24-19.56.03:436][868]LogTemp: Repeting last play command: Selected Viewport
[2017.04.24-19.56.03:449][868]LogBlueprintUserMessages: Early PlayInEditor Detection: Level '/Game/ThirdPersonBP/Maps/ThirdPersonExampleMap.ThirdPersonExampleMap:PersistentLevel' has LevelScriptBlueprint '/Game/ThirdPersonBP/Maps/ThirdPersonExampleMap.ThirdPersonExampleMap:PersistentLevel.ThirdPersonExampleMap' with GeneratedClass '/Game/ThirdPersonBP/Maps/ThirdPersonExampleMap.ThirdPersonExampleMap_C' with ClassGeneratedBy '/Game/ThirdPersonBP/Maps/ThirdPersonExampleMap.ThirdPersonExampleMap:PersistentLevel.ThirdPersonExampleMap'
[2017.04.24-19.56.03:449][868]LogPlayLevel: PlayLevel: No blueprints needed recompiling
[2017.04.24-19.56.03:449][868]PIE: New page: PIE session: ThirdPersonExampleMap (Apr 24, 2017, 7:56:03 AM)
[2017.04.24-19.56.03:449][868]LogPlayLevel: Creating play world package: /Game/ThirdPersonBP/Maps/UEDPIE_0_ThirdPersonExampleMap
[2017.04.24-19.56.03:540][868]LogPlayLevel: PIE: StaticDuplicateObject took: (0.090722s)
[2017.04.24-19.56.03:541][868]LogAIModule: Creating AISystem for world ThirdPersonExampleMap
[2017.04.24-19.56.03:541][868]LogPlayLevel: PIE: World Init took: (0.000737s)
[2017.04.24-19.56.03:541][868]LogPlayLevel: PIE: Created PIE world by copying editor world from /Game/ThirdPersonBP/Maps/ThirdPersonExampleMap.ThirdPersonExampleMap to /Game/ThirdPersonBP/Maps/UEDPIE_0_ThirdPersonExampleMap.ThirdPersonExampleMap (0.091749s)
[2017.04.24-19.56.03:558][868]LogInit: XAudio2 using 'Speakers / Headphones (Realtek Audio)' : 8 channels at 48 kHz using 32 bits per sample (channel mask 0x63f)
[2017.04.24-19.56.03:604][868]LogInit: FAudioDevice initialized.
[2017.04.24-19.56.03:641][868]LogLoad: Game class is 'ThirdPersonGameMode_C'
[2017.04.24-19.56.03:658][868]LogWorld: Bringing World /Game/ThirdPersonBP/Maps/UEDPIE_0_ThirdPersonExampleMap.ThirdPersonExampleMap up for play (max tick rate 60) at 2017.04.24-13.56.03
[2017.04.24-19.56.03:659][868]LogWorld: Bringing up level for play took: 0.014567
[2017.04.24-19.56.03:660][868]LogGameMode:Display: Match State Changed from EnteringMap to WaitingToStart
[2017.04.24-19.56.03:660][868]LogGameState: Match State Changed from EnteringMap to WaitingToStart
[2017.04.24-19.56.03:660][868]LogGameMode:Display: Match State Changed from WaitingToStart to InProgress
[2017.04.24-19.56.03:661][868]LogGameState: Match State Changed from WaitingToStart to InProgress
[2017.04.24-19.56.03:661][868]PIE: Info Play in editor start time for /Game/ThirdPersonBP/Maps/UEDPIE_0_ThirdPersonExampleMap 0.694
[2017.04.24-19.56.03:662][868]LogBlueprintUserMessages: Late PlayInEditor Detection: Level '/Game/ThirdPersonBP/Maps/ThirdPersonExampleMap.ThirdPersonExampleMap:PersistentLevel' has LevelScriptBlueprint '/Game/ThirdPersonBP/Maps/ThirdPersonExampleMap.ThirdPersonExampleMap:PersistentLevel.ThirdPersonExampleMap' with GeneratedClass '/Game/ThirdPersonBP/Maps/ThirdPersonExampleMap.ThirdPersonExampleMap_C' with ClassGeneratedBy '/Game/ThirdPersonBP/Maps/ThirdPersonExampleMap.ThirdPersonExampleMap:PersistentLevel.ThirdPersonExampleMap'
[2017.04.24-19.56.16:843][654]LogBlueprintUserMessages: Early EndPlayMap Detection: Level '/Game/ThirdPersonBP/Maps/ThirdPersonExampleMap.ThirdPersonExampleMap:PersistentLevel' has LevelScriptBlueprint '/Game/ThirdPersonBP/Maps/ThirdPersonExampleMap.ThirdPersonExampleMap:PersistentLevel.ThirdPersonExampleMap' with GeneratedClass '/Game/ThirdPersonBP/Maps/ThirdPersonExampleMap.ThirdPersonExampleMap_C' with ClassGeneratedBy '/Game/ThirdPersonBP/Maps/ThirdPersonExampleMap.ThirdPersonExampleMap:PersistentLevel.ThirdPersonExampleMap'
[2017.04.24-19.56.16:914][654]LogBlueprintUserMessages: Late EndPlayMap Detection: Level '/Game/ThirdPersonBP/Maps/ThirdPersonExampleMap.ThirdPersonExampleMap:PersistentLevel' has LevelScriptBlueprint '/Game/ThirdPersonBP/Maps/ThirdPersonExampleMap.ThirdPersonExampleMap:PersistentLevel.ThirdPersonExampleMap' with GeneratedClass '/Game/ThirdPersonBP/Maps/ThirdPersonExampleMap.ThirdPersonExampleMap_C' with ClassGeneratedBy '/Game/ThirdPersonBP/Maps/ThirdPersonExampleMap.ThirdPersonExampleMap:PersistentLevel.ThirdPersonExampleMap'
[2017.04.24-19.56.28:232][308]LogMaterial: Missing cached shader map for material M_SkyBox, compiling. 
[2017.04.24-19.56.28:234][308]LogTemp:Display: Added material ShaderMap 0x00000252D1AFC480 with Material 0x00000252D1F60700 to ShaderMapsBeingCompiled
[2017.04.24-19.56.28:243][308]LogTemp:Display: Kicking off shader compilation for M_SkyBox, GameThreadShaderMap 0x00000252D1AFC480
[2017.04.24-19.56.28:260][308]LogMaterial: Missing cached shader map for material GridMaterial, compiling. 
[2017.04.24-19.56.28:261][308]LogTemp:Display: Added material ShaderMap 0x00000252814FAE80 with Material 0x00000252D1F30280 to ShaderMapsBeingCompiled
[2017.04.24-19.56.28:294][308]LogTemp:Display: Kicking off shader compilation for GridMaterial, GameThreadShaderMap 0x00000252814FAE80
[2017.04.24-19.56.28:874][309]LogRenderer: Reallocating scene render targets to support 964x688 NumSamples 1 (Frame:24757).
[2017.04.24-19.56.29:332][329]LogTemp:Display: Finished compile of shader map 0x00000252D1AFC480
[2017.04.24-19.56.29:332][329]LogTemp:Display: Shader map M_SkyBox complete, GameThreadShaderMap 0x00000252D1AFC480, marking material M_SkyBox as finished
[2017.04.24-19.56.29:332][329]LogTemp:Display: Marking material as finished 0x00000252D1F60700
[2017.04.24-19.56.30:459][396]LogTemp:Display: Finished compile of shader map 0x00000252814FAE80
[2017.04.24-19.56.30:459][396]LogTemp:Display: Shader map GridMaterial complete, GameThreadShaderMap 0x00000252814FAE80, marking material GridMaterial as finished
[2017.04.24-19.56.30:459][396]LogTemp:Display: Marking material as finished 0x00000252D1F30280
[2017.04.24-19.57.49:589][509]LogSavePackage: Save=16.41ms
[2017.04.24-19.57.49:589][509]LogSavePackage: Moving '../../../../../../Users/amarz/Documents/Virtual Worlds/ShutterIslandChase/Game Files/Saved/Box_Brush284_StaticMesh3A65A268464335954DBCE09877F215A4.tmp' to '../../../../../../Users/amarz/Documents/Virtual Worlds/ShutterIslandChase/Game Files/Content/ThirdPersonBP/Meshes/Box_Brush284_StaticMesh.uasset'
[2017.04.24-19.57.49:596][509]LogSavePackage:Display: Finished SavePackage ../../../../../../Users/amarz/Documents/Virtual Worlds/ShutterIslandChase/Game Files/Content/ThirdPersonBP/Meshes/Box_Brush284_StaticMesh.uasset
[2017.04.24-19.57.55:192][802]LogTemp: Repeting last play command: Selected Viewport
[2017.04.24-19.57.55:205][802]LogBlueprintUserMessages: Early PlayInEditor Detection: Level '/Game/ThirdPersonBP/Maps/ThirdPersonExampleMap.ThirdPersonExampleMap:PersistentLevel' has LevelScriptBlueprint '/Game/ThirdPersonBP/Maps/ThirdPersonExampleMap.ThirdPersonExampleMap:PersistentLevel.ThirdPersonExampleMap' with GeneratedClass '/Game/ThirdPersonBP/Maps/ThirdPersonExampleMap.ThirdPersonExampleMap_C' with ClassGeneratedBy '/Game/ThirdPersonBP/Maps/ThirdPersonExampleMap.ThirdPersonExampleMap:PersistentLevel.ThirdPersonExampleMap'
[2017.04.24-19.57.55:205][802]LogPlayLevel: PlayLevel: No blueprints needed recompiling
[2017.04.24-19.57.55:205][802]PIE: New page: PIE session: ThirdPersonExampleMap (Apr 24, 2017, 7:57:55 AM)
[2017.04.24-19.57.55:205][802]LogPlayLevel: Creating play world package: /Game/ThirdPersonBP/Maps/UEDPIE_0_ThirdPersonExampleMap
[2017.04.24-19.57.55:304][802]LogPlayLevel: PIE: StaticDuplicateObject took: (0.098477s)
[2017.04.24-19.57.55:304][802]LogAIModule: Creating AISystem for world ThirdPersonExampleMap
[2017.04.24-19.57.55:305][802]LogPlayLevel: PIE: World Init took: (0.000865s)
[2017.04.24-19.57.55:305][802]LogPlayLevel: PIE: Created PIE world by copying editor world from /Game/ThirdPersonBP/Maps/ThirdPersonExampleMap.ThirdPersonExampleMap to /Game/ThirdPersonBP/Maps/UEDPIE_0_ThirdPersonExampleMap.ThirdPersonExampleMap (0.099639s)
[2017.04.24-19.57.55:323][802]LogInit: XAudio2 using 'Speakers / Headphones (Realtek Audio)' : 8 channels at 48 kHz using 32 bits per sample (channel mask 0x63f)
[2017.04.24-19.57.55:370][802]LogInit: FAudioDevice initialized.
[2017.04.24-19.57.55:402][802]LogLoad: Game class is 'ThirdPersonGameMode_C'
[2017.04.24-19.57.55:414][802]LogWorld: Bringing World /Game/ThirdPersonBP/Maps/UEDPIE_0_ThirdPersonExampleMap.ThirdPersonExampleMap up for play (max tick rate 60) at 2017.04.24-13.57.55
[2017.04.24-19.57.55:415][802]LogWorld: Bringing up level for play took: 0.011496
[2017.04.24-19.57.55:416][802]LogGameMode:Display: Match State Changed from EnteringMap to WaitingToStart
[2017.04.24-19.57.55:416][802]LogGameState: Match State Changed from EnteringMap to WaitingToStart
[2017.04.24-19.57.55:417][802]LogGameMode:Display: Match State Changed from WaitingToStart to InProgress
[2017.04.24-19.57.55:418][802]LogGameState: Match State Changed from WaitingToStart to InProgress
[2017.04.24-19.57.55:418][802]PIE: Info Play in editor start time for /Game/ThirdPersonBP/Maps/UEDPIE_0_ThirdPersonExampleMap 0.45
[2017.04.24-19.57.55:419][802]LogBlueprintUserMessages: Late PlayInEditor Detection: Level '/Game/ThirdPersonBP/Maps/ThirdPersonExampleMap.ThirdPersonExampleMap:PersistentLevel' has LevelScriptBlueprint '/Game/ThirdPersonBP/Maps/ThirdPersonExampleMap.ThirdPersonExampleMap:PersistentLevel.ThirdPersonExampleMap' with GeneratedClass '/Game/ThirdPersonBP/Maps/ThirdPersonExampleMap.ThirdPersonExampleMap_C' with ClassGeneratedBy '/Game/ThirdPersonBP/Maps/ThirdPersonExampleMap.ThirdPersonExampleMap:PersistentLevel.ThirdPersonExampleMap'
[2017.04.24-19.58.21:205][345]LogBlueprintUserMessages: Early EndPlayMap Detection: Level '/Game/ThirdPersonBP/Maps/ThirdPersonExampleMap.ThirdPersonExampleMap:PersistentLevel' has LevelScriptBlueprint '/Game/ThirdPersonBP/Maps/ThirdPersonExampleMap.ThirdPersonExampleMap:PersistentLevel.ThirdPersonExampleMap' with GeneratedClass '/Game/ThirdPersonBP/Maps/ThirdPersonExampleMap.ThirdPersonExampleMap_C' with ClassGeneratedBy '/Game/ThirdPersonBP/Maps/ThirdPersonExampleMap.ThirdPersonExampleMap:PersistentLevel.ThirdPersonExampleMap'
[2017.04.24-19.58.21:302][345]LogBlueprintUserMessages: Late EndPlayMap Detection: Level '/Game/ThirdPersonBP/Maps/ThirdPersonExampleMap.ThirdPersonExampleMap:PersistentLevel' has LevelScriptBlueprint '/Game/ThirdPersonBP/Maps/ThirdPersonExampleMap.ThirdPersonExampleMap:PersistentLevel.ThirdPersonExampleMap' with GeneratedClass '/Game/ThirdPersonBP/Maps/ThirdPersonExampleMap.ThirdPersonExampleMap_C' with ClassGeneratedBy '/Game/ThirdPersonBP/Maps/ThirdPersonExampleMap.ThirdPersonExampleMap:PersistentLevel.ThirdPersonExampleMap'
[2017.04.24-19.59.14:255][433]LogTemp: Repeting last play command: Selected Viewport
[2017.04.24-19.59.14:270][433]LogBlueprintUserMessages: Early PlayInEditor Detection: Level '/Game/ThirdPersonBP/Maps/ThirdPersonExampleMap.ThirdPersonExampleMap:PersistentLevel' has LevelScriptBlueprint '/Game/ThirdPersonBP/Maps/ThirdPersonExampleMap.ThirdPersonExampleMap:PersistentLevel.ThirdPersonExampleMap' with GeneratedClass '/Game/ThirdPersonBP/Maps/ThirdPersonExampleMap.ThirdPersonExampleMap_C' with ClassGeneratedBy '/Game/ThirdPersonBP/Maps/ThirdPersonExampleMap.ThirdPersonExampleMap:PersistentLevel.ThirdPersonExampleMap'
[2017.04.24-19.59.14:270][433]LogPlayLevel: PlayLevel: No blueprints needed recompiling
[2017.04.24-19.59.14:270][433]PIE: New page: PIE session: ThirdPersonExampleMap (Apr 24, 2017, 7:59:14 AM)
[2017.04.24-19.59.14:270][433]LogPlayLevel: Creating play world package: /Game/ThirdPersonBP/Maps/UEDPIE_0_ThirdPersonExampleMap
[2017.04.24-19.59.14:363][433]LogPlayLevel: PIE: StaticDuplicateObject took: (0.092514s)
[2017.04.24-19.59.14:363][433]LogAIModule: Creating AISystem for world ThirdPersonExampleMap
[2017.04.24-19.59.14:364][433]LogPlayLevel: PIE: World Init took: (0.000732s)
[2017.04.24-19.59.14:364][433]LogPlayLevel: PIE: Created PIE world by copying editor world from /Game/ThirdPersonBP/Maps/ThirdPersonExampleMap.ThirdPersonExampleMap to /Game/ThirdPersonBP/Maps/UEDPIE_0_ThirdPersonExampleMap.ThirdPersonExampleMap (0.093555s)
[2017.04.24-19.59.14:381][433]LogInit: XAudio2 using 'Speakers / Headphones (Realtek Audio)' : 8 channels at 48 kHz using 32 bits per sample (channel mask 0x63f)
[2017.04.24-19.59.14:432][433]LogInit: FAudioDevice initialized.
[2017.04.24-19.59.14:468][433]LogLoad: Game class is 'ThirdPersonGameMode_C'
[2017.04.24-19.59.14:484][433]LogWorld: Bringing World /Game/ThirdPersonBP/Maps/UEDPIE_0_ThirdPersonExampleMap.ThirdPersonExampleMap up for play (max tick rate 60) at 2017.04.24-13.59.14
[2017.04.24-19.59.14:485][433]LogWorld: Bringing up level for play took: 0.014531
[2017.04.24-19.59.14:486][433]LogGameMode:Display: Match State Changed from EnteringMap to WaitingToStart
[2017.04.24-19.59.14:487][433]LogGameState: Match State Changed from EnteringMap to WaitingToStart
[2017.04.24-19.59.14:487][433]LogGameMode:Display: Match State Changed from WaitingToStart to InProgress
[2017.04.24-19.59.14:488][433]LogGameState: Match State Changed from WaitingToStart to InProgress
[2017.04.24-19.59.14:488][433]PIE: Info Play in editor start time for /Game/ThirdPersonBP/Maps/UEDPIE_0_ThirdPersonExampleMap -0.479
[2017.04.24-19.59.14:489][433]LogBlueprintUserMessages: Late PlayInEditor Detection: Level '/Game/ThirdPersonBP/Maps/ThirdPersonExampleMap.ThirdPersonExampleMap:PersistentLevel' has LevelScriptBlueprint '/Game/ThirdPersonBP/Maps/ThirdPersonExampleMap.ThirdPersonExampleMap:PersistentLevel.ThirdPersonExampleMap' with GeneratedClass '/Game/ThirdPersonBP/Maps/ThirdPersonExampleMap.ThirdPersonExampleMap_C' with ClassGeneratedBy '/Game/ThirdPersonBP/Maps/ThirdPersonExampleMap.ThirdPersonExampleMap:PersistentLevel.ThirdPersonExampleMap'
[2017.04.24-19.59.15:969][516]LogBlueprintUserMessages: Early EndPlayMap Detection: Level '/Game/ThirdPersonBP/Maps/ThirdPersonExampleMap.ThirdPersonExampleMap:PersistentLevel' has LevelScriptBlueprint '/Game/ThirdPersonBP/Maps/ThirdPersonExampleMap.ThirdPersonExampleMap:PersistentLevel.ThirdPersonExampleMap' with GeneratedClass '/Game/ThirdPersonBP/Maps/ThirdPersonExampleMap.ThirdPersonExampleMap_C' with ClassGeneratedBy '/Game/ThirdPersonBP/Maps/ThirdPersonExampleMap.ThirdPersonExampleMap:PersistentLevel.ThirdPersonExampleMap'
[2017.04.24-19.59.16:075][516]LogBlueprintUserMessages: Late EndPlayMap Detection: Level '/Game/ThirdPersonBP/Maps/ThirdPersonExampleMap.ThirdPersonExampleMap:PersistentLevel' has LevelScriptBlueprint '/Game/ThirdPersonBP/Maps/ThirdPersonExampleMap.ThirdPersonExampleMap:PersistentLevel.ThirdPersonExampleMap' with GeneratedClass '/Game/ThirdPersonBP/Maps/ThirdPersonExampleMap.ThirdPersonExampleMap_C' with ClassGeneratedBy '/Game/ThirdPersonBP/Maps/ThirdPersonExampleMap.ThirdPersonExampleMap:PersistentLevel.ThirdPersonExampleMap'
[2017.04.24-19.59.44:327][160]LogTemp: Repeting last play command: Selected Viewport
[2017.04.24-19.59.44:341][160]LogBlueprintUserMessages: Early PlayInEditor Detection: Level '/Game/ThirdPersonBP/Maps/ThirdPersonExampleMap.ThirdPersonExampleMap:PersistentLevel' has LevelScriptBlueprint '/Game/ThirdPersonBP/Maps/ThirdPersonExampleMap.ThirdPersonExampleMap:PersistentLevel.ThirdPersonExampleMap' with GeneratedClass '/Game/ThirdPersonBP/Maps/ThirdPersonExampleMap.ThirdPersonExampleMap_C' with ClassGeneratedBy '/Game/ThirdPersonBP/Maps/ThirdPersonExampleMap.ThirdPersonExampleMap:PersistentLevel.ThirdPersonExampleMap'
[2017.04.24-19.59.44:341][160]LogPlayLevel: PlayLevel: No blueprints needed recompiling
[2017.04.24-19.59.44:341][160]PIE: New page: PIE session: ThirdPersonExampleMap (Apr 24, 2017, 7:59:44 AM)
[2017.04.24-19.59.44:341][160]LogPlayLevel: Creating play world package: /Game/ThirdPersonBP/Maps/UEDPIE_0_ThirdPersonExampleMap
[2017.04.24-19.59.44:434][160]LogPlayLevel: PIE: StaticDuplicateObject took: (0.092524s)
[2017.04.24-19.59.44:434][160]LogAIModule: Creating AISystem for world ThirdPersonExampleMap
[2017.04.24-19.59.44:434][160]LogPlayLevel: PIE: World Init took: (0.000771s)
[2017.04.24-19.59.44:435][160]LogPlayLevel: PIE: Created PIE world by copying editor world from /Game/ThirdPersonBP/Maps/ThirdPersonExampleMap.ThirdPersonExampleMap to /Game/ThirdPersonBP/Maps/UEDPIE_0_ThirdPersonExampleMap.ThirdPersonExampleMap (0.093628s)
[2017.04.24-19.59.44:454][160]LogInit: XAudio2 using 'Speakers / Headphones (Realtek Audio)' : 8 channels at 48 kHz using 32 bits per sample (channel mask 0x63f)
[2017.04.24-19.59.44:525][160]LogInit: FAudioDevice initialized.
[2017.04.24-19.59.44:561][160]LogLoad: Game class is 'ThirdPersonGameMode_C'
[2017.04.24-19.59.44:577][160]LogWorld: Bringing World /Game/ThirdPersonBP/Maps/UEDPIE_0_ThirdPersonExampleMap.ThirdPersonExampleMap up for play (max tick rate 60) at 2017.04.24-13.59.44
[2017.04.24-19.59.44:579][160]LogWorld: Bringing up level for play took: 0.014429
[2017.04.24-19.59.44:580][160]LogGameMode:Display: Match State Changed from EnteringMap to WaitingToStart
[2017.04.24-19.59.44:580][160]LogGameState: Match State Changed from EnteringMap to WaitingToStart
[2017.04.24-19.59.44:580][160]LogGameMode:Display: Match State Changed from WaitingToStart to InProgress
[2017.04.24-19.59.44:581][160]LogGameState: Match State Changed from WaitingToStart to InProgress
[2017.04.24-19.59.44:581][160]PIE: Info Play in editor start time for /Game/ThirdPersonBP/Maps/UEDPIE_0_ThirdPersonExampleMap -0.386
[2017.04.24-19.59.44:582][160]LogBlueprintUserMessages: Late PlayInEditor Detection: Level '/Game/ThirdPersonBP/Maps/ThirdPersonExampleMap.ThirdPersonExampleMap:PersistentLevel' has LevelScriptBlueprint '/Game/ThirdPersonBP/Maps/ThirdPersonExampleMap.ThirdPersonExampleMap:PersistentLevel.ThirdPersonExampleMap' with GeneratedClass '/Game/ThirdPersonBP/Maps/ThirdPersonExampleMap.ThirdPersonExampleMap_C' with ClassGeneratedBy '/Game/ThirdPersonBP/Maps/ThirdPersonExampleMap.ThirdPersonExampleMap:PersistentLevel.ThirdPersonExampleMap'
[2017.04.24-20.00.24:521][310]LogSavePackage: Save=1827.62ms
[2017.04.24-20.00.24:521][310]LogSavePackage: Moving '../../../../../../Users/amarz/Documents/Virtual Worlds/ShutterIslandChase/Game Files/Saved/ThirdPersonExampleMap744280EF4186E1DF2F992B8BAA801607.tmp' to '../../../../../../Users/amarz/Documents/Virtual Worlds/ShutterIslandChase/Game Files/Content/ThirdPersonBP/Maps/ThirdPersonExampleMap.umap'
[2017.04.24-20.00.24:526][310]LogSavePackage:Display: Finished SavePackage ../../../../../../Users/amarz/Documents/Virtual Worlds/ShutterIslandChase/Game Files/Content/ThirdPersonBP/Maps/ThirdPersonExampleMap.umap
[2017.04.24-20.00.24:564][310]LogFileHelpers: Saving map 'ThirdPersonExampleMap' took 1.955
[2017.04.24-20.00.29:715][519]LogBlueprintUserMessages: Early EndPlayMap Detection: Level '/Game/ThirdPersonBP/Maps/ThirdPersonExampleMap.ThirdPersonExampleMap:PersistentLevel' has LevelScriptBlueprint '/Game/ThirdPersonBP/Maps/ThirdPersonExampleMap.ThirdPersonExampleMap:PersistentLevel.ThirdPersonExampleMap' with GeneratedClass '/Game/ThirdPersonBP/Maps/ThirdPersonExampleMap.ThirdPersonExampleMap_C' with ClassGeneratedBy '/Game/ThirdPersonBP/Maps/ThirdPersonExampleMap.ThirdPersonExampleMap:PersistentLevel.ThirdPersonExampleMap'
[2017.04.24-20.00.29:856][519]LogStats: FPlatformStackWalk::StackWalkAndDump -  0.134 s
[2017.04.24-20.00.29:856][519]LogOutputDevice:Error: === Handled ensure: ===
[2017.04.24-20.00.29:856][519]LogOutputDevice:Error: 
[2017.04.24-20.00.29:856][519]LogOutputDevice:Error: Ensure condition failed: NewObject->IsA(this->GeneratedClass) [File:D:\Build\++UE4+Release-4.15+Compile\Sync\Engine\Source\Runtime\Engine\Private\Blueprint.cpp] [Line: 755]
[2017.04.24-20.00.29:856][519]LogOutputDevice:Error: Type mismatch: Expected ThirdPersonExampleMap_C, Found REINST_ThirdPersonExampleMap_C_26
[2017.04.24-20.00.29:856][519]LogOutputDevice:Error: Stack: 
[2017.04.24-20.00.29:856][519]LogOutputDevice:Error: UE4Editor-Core.dll!0x000000003FAE95E6
[2017.04.24-20.00.29:856][519]LogOutputDevice:Error: UE4Editor-Core.dll!0x000000003F899B82
[2017.04.24-20.00.29:856][519]LogOutputDevice:Error: UE4Editor-Core.dll!0x000000003F8AB666
[2017.04.24-20.00.29:856][519]LogOutputDevice:Error: UE4Editor-Engine.dll!0x00000000315AF281
[2017.04.24-20.00.29:856][519]LogOutputDevice:Error: UE4Editor-Engine.dll!0x0000000032388E91
[2017.04.24-20.00.29:856][519]LogOutputDevice:Error: UE4Editor-UnrealEd.dll!0x000000003DAC2CCD
[2017.04.24-20.00.29:856][519]LogOutputDevice:Error: UE4Editor-UnrealEd.dll!0x000000003DA7E8CE
[2017.04.24-20.00.29:856][519]LogOutputDevice:Error: UE4Editor-UnrealEd.dll!0x000000003D5A7A9F
[2017.04.24-20.00.29:856][519]LogOutputDevice:Error: UE4Editor-UnrealEd.dll!0x000000003DDB2086
[2017.04.24-20.00.29:856][519]LogOutputDevice:Error: UE4Editor.exe!0x00000000D867DEE3
[2017.04.24-20.00.29:856][519]LogOutputDevice:Error: UE4Editor.exe!0x00000000D866EB40
[2017.04.24-20.00.29:856][519]LogOutputDevice:Error: UE4Editor.exe!0x00000000D866EBBA
[2017.04.24-20.00.29:856][519]LogOutputDevice:Error: UE4Editor.exe!0x00000000D8680A29
[2017.04.24-20.00.29:856][519]LogOutputDevice:Error: UE4Editor.exe!0x00000000D86822B6
[2017.04.24-20.00.29:856][519]LogOutputDevice:Error: KERNEL32.DLL!0x0000000097B28364
[2017.04.24-20.00.29:856][519]LogOutputDevice:Error: ntdll.dll!0x00000000982370D1
[2017.04.24-20.00.29:856][519]LogOutputDevice:Error: 
[2017.04.24-20.00.29:866][519]LogStats:                SubmitErrorReport -  0.000 s
[2017.04.24-20.00.30:280][519]LogStats:                    SendNewReport -  0.414 s
[2017.04.24-20.00.30:280][519]LogStats:             FDebug::EnsureFailed -  0.558 s
[2017.04.24-20.00.30:454][519]LogBlueprintUserMessages: Late EndPlayMap Detection: Level '/Game/ThirdPersonBP/Maps/ThirdPersonExampleMap.ThirdPersonExampleMap:PersistentLevel' has LevelScriptBlueprint '/Game/ThirdPersonBP/Maps/ThirdPersonExampleMap.ThirdPersonExampleMap:PersistentLevel.ThirdPersonExampleMap' with GeneratedClass '/Game/ThirdPersonBP/Maps/ThirdPersonExampleMap.ThirdPersonExampleMap_C' with ClassGeneratedBy '/Game/ThirdPersonBP/Maps/ThirdPersonExampleMap.ThirdPersonExampleMap:PersistentLevel.ThirdPersonExampleMap'
