Log file open, 04/21/17 22:38:00
LogInit:Display: Running engine for game: std48
LogPlatformFile: Not using cached read wrapper
LogInit:Display: RandInit(-154581538) SRandInit(-154581538).
LogTaskGraph: Started task graph with 5 named threads and 8 total threads with 1 sets of task threads.
LogStats: Stats thread started at 0.083955
LogInit: Using libcurl 7.47.1
LogInit:  - built for x86_64-pc-win32
LogInit:  - supports SSL with OpenSSL/1.0.2g
LogInit:  - supports HTTP deflate (compression) using libz 1.2.8
LogInit:  - other features:
LogInit:      CURL_VERSION_SSL
LogInit:      CURL_VERSION_LIBZ
LogInit:      CURL_VERSION_IPV6
LogInit:      CURL_VERSION_ASYNCHDNS
LogInit:      CURL_VERSION_LARGEFILE
LogInit:      CURL_VERSION_IDN
LogInit:  CurlRequestOptions (configurable via config and command line):
LogInit:  - bVerifyPeer = false  - Libcurl will NOT verify peer certificate
LogInit:  - bUseHttpProxy = false  - Libcurl will NOT use HTTP proxy
LogInit:  - bDontReuseConnections = false  - Libcurl will reuse connections
LogInit:  - CertBundlePath = nullptr  - Libcurl will use whatever was configured at build time.
LogInit: Build: ++UE4+Release-4.15-CL-3348071
LogInit: Engine Version: 4.15.1-3348071+++UE4+Release-4.15
LogInit: Compatible Engine Version: 4.15.0-3299760+++UE4+Release-4.15
LogInit: Net CL: 3299760
LogDevObjectVersion: Number of dev versions registered: 14
LogDevObjectVersion:   Dev-Blueprints (B0D832E4-1F89-4F0D-ACCF-7EB736FD4AA2): 8
LogDevObjectVersion:   Dev-Build (E1C64328-A22C-4D53-A36C-8E866417BD8C): 0
LogDevObjectVersion:   Dev-Core (375EC13C-06E4-48FB-B500-84F0262A717E): 2
LogDevObjectVersion:   Dev-Editor (E4B068ED-F494-42E9-A231-DA0B2E46BB41): 14
LogDevObjectVersion:   Dev-Framework (CFFC743F-43B0-4480-9391-14DF171D2073): 22
LogDevObjectVersion:   Dev-Mobile (B02B49B5-BB20-44E9-A304-32B752E40360): 0
LogDevObjectVersion:   Dev-Networking (A4E4105C-59A1-49B5-A7C5-40C4547EDFEE): 0
LogDevObjectVersion:   Dev-Online (39C831C9-5AE6-47DC-9A44-9C173E1C8E7C): 0
LogDevObjectVersion:   Dev-Physics (78F01B33-EBEA-4F98-B9B4-84EACCB95AA2): 0
LogDevObjectVersion:   Dev-Platform (6631380F-2D4D-43E0-8009-CF276956A95A): 0
LogDevObjectVersion:   Dev-Rendering (12F88B9F-8875-4AFC-A67C-D90C383ABD29): 12
LogDevObjectVersion:   Dev-Sequencer (7B5AE74C-D270-4C10-A958-57980B212A5A): 3
LogDevObjectVersion:   Dev-VR (D7296918-1DD6-4BDD-9DE2-64A83CC13884): 0
LogDevObjectVersion:   Dev-LoadTimes (C2A15278-BFE7-4AFE-6C17-90FF531DF755): 1
LogInit: Compiled (64-bit): Mar 15 2017 16:52:47
LogInit: Compiled with Visual C++: 19.00.23026.00
LogInit: Build Configuration: Development
LogInit: Branch Name: ++UE4+Release-4.15
LogInit: Command line:  
LogInit: Base directory: C:/Program Files/Epic Games/UE_4.15/Engine/Binaries/Win64/
LogInit: Installed Engine Build: 1
LogInit: Presizing for max 8388607 objects, including 0 objects not considered by GC, pre-allocating 0 bytes for permanent pool.
LogInit: Object subsystem initialized
[2017.04.22-04.38.01:474][  0]LogInit: Selected Device Profile: [Windows]
[2017.04.22-04.38.01:474][  0]LogInit: Applying CVar settings loaded from the selected device profile: [Windows]
[2017.04.22-04.38.01:487][  0]LogInit: Computer: DESKTOP-JPBMJ26
[2017.04.22-04.38.01:487][  0]LogInit: User: amarz
[2017.04.22-04.38.01:487][  0]LogInit: CPU Page size=65536, Cores=4
[2017.04.22-04.38.01:487][  0]LogInit: High frequency timer resolution =2.531248 MHz
[2017.04.22-04.38.01:487][  0]LogMemory: Memory total: Physical=31.9GB (32GB approx)
[2017.04.22-04.38.01:487][  0]LogMemory: Platform Memory Stats for Windows
[2017.04.22-04.38.01:487][  0]LogMemory: Process Physical Memory: 263.64 MB used, 263.64 MB peak
[2017.04.22-04.38.01:487][  0]LogMemory: Process Virtual Memory: 262.92 MB used, 262.92 MB peak
[2017.04.22-04.38.01:487][  0]LogMemory: Physical Memory: 11796.76 MB used,  20848.97 MB free, 32645.73 MB total
[2017.04.22-04.38.01:487][  0]LogMemory: Virtual Memory: 645.13 MB used,  20848.97 MB free, 134217728.00 MB total
[2017.04.22-04.38.02:202][  0]LogTextLocalizationManager: No specific translations for ('en-US') exist, so ('en') translations will be used.
[2017.04.22-04.38.03:383][  0]LogD3D11RHI: D3D11 adapters:
[2017.04.22-04.38.04:094][  0]LogD3D11RHI:    0. 'NVIDIA GeForce GTX 1070' (Feature Level 11_0)
[2017.04.22-04.38.04:095][  0]LogD3D11RHI:       8144/0/16322 MB DedicatedVideo/DedicatedSystem/SharedSystem, Outputs:2, VendorId:0x10de
[2017.04.22-04.38.04:119][  0]LogD3D11RHI:    1. 'Intel(R) HD Graphics 530' (Feature Level 11_0)
[2017.04.22-04.38.04:119][  0]LogD3D11RHI:       128/0/16322 MB DedicatedVideo/DedicatedSystem/SharedSystem, Outputs:0, VendorId:0x8086
[2017.04.22-04.38.04:122][  0]LogD3D11RHI:    2. 'Microsoft Basic Render Driver' (Feature Level 11_0)
[2017.04.22-04.38.04:122][  0]LogD3D11RHI:       0/0/16322 MB DedicatedVideo/DedicatedSystem/SharedSystem, Outputs:0, VendorId:0x1414
[2017.04.22-04.38.04:122][  0]LogD3D11RHI: Chosen D3D11 Adapter: 0
[2017.04.22-04.38.04:144][  0]LogD3D11RHI: Creating new Direct3DDevice
[2017.04.22-04.38.04:144][  0]LogD3D11RHI:     GPU DeviceId: 0x1be1 (for the marketing name, search the web for "GPU Device Id")
[2017.04.22-04.38.04:144][  0]LogWindows: EnumDisplayDevices:
[2017.04.22-04.38.04:144][  0]LogWindows:    0. 'NVIDIA GeForce GTX 1070' (P:1 D:1)
[2017.04.22-04.38.04:144][  0]LogWindows:    1. 'NVIDIA GeForce GTX 1070' (P:0 D:1)
[2017.04.22-04.38.04:145][  0]LogWindows:    2. 'NVIDIA GeForce GTX 1070' (P:0 D:0)
[2017.04.22-04.38.04:146][  0]LogWindows:    3. 'NVIDIA GeForce GTX 1070' (P:0 D:0)
[2017.04.22-04.38.04:146][  0]LogWindows:    4. 'Intel(R) HD Graphics 530' (P:0 D:0)
[2017.04.22-04.38.04:147][  0]LogWindows:    5. 'Intel(R) HD Graphics 530' (P:0 D:0)
[2017.04.22-04.38.04:148][  0]LogWindows:    6. 'Intel(R) HD Graphics 530' (P:0 D:0)
[2017.04.22-04.38.04:148][  0]LogWindows: DebugString: PrimaryIsNotTheChoosenAdapter PrimaryIsNotTheChoosenAdapter PrimaryIsNotTheChoosenAdapter FoundDriverCount:4 
[2017.04.22-04.38.04:148][  0]LogD3D11RHI:     Adapter Name: NVIDIA GeForce GTX 1070
[2017.04.22-04.38.04:148][  0]LogD3D11RHI:   Driver Version: 369.45 (internal:21.21.13.6945, unified:369.45)
[2017.04.22-04.38.04:148][  0]LogD3D11RHI:      Driver Date: 9-30-2016
[2017.04.22-04.38.04:148][  0]LogRHI: Texture pool is 1361 MB (70% of 1945 MB)
[2017.04.22-04.38.04:875][  0]LogD3D11RHI: Async texture creation enabled
[2017.04.22-04.38.05:035][  0]LogD3D11RHI: GPU Timing Frequency: 1000.000000 (Debug: 2 1)
[2017.04.22-04.38.05:136][  0]LogShaderCompilers: Guid format shader working directory is -39 characters bigger than the processId version (../../../../../../Users/amarz/Documents/Virtual Worlds/ShutterIslandChase/Game Files/Intermediate/Shaders/WorkingDirectory/22032/).
[2017.04.22-04.38.05:136][  0]LogShaderCompilers: Cleaned the shader compiler working directory 'C:/Users/amarz/AppData/Local/Temp/UnrealShaderWorkingDir/901971A54C9E251685609D9BAAE4F063/'.
[2017.04.22-04.38.05:136][  0]LogShaderCompilers:Display: Using Local Shader Compiler.
[2017.04.22-04.38.06:930][  0]LogTemp:Display: Loaded TP AllDesktopTargetPlatform
[2017.04.22-04.38.07:079][  0]LogTemp:Display: Loaded TP MacClientTargetPlatform
[2017.04.22-04.38.07:168][  0]LogTemp:Display: Loaded TP MacNoEditorTargetPlatform
[2017.04.22-04.38.07:233][  0]LogTemp:Display: Loaded TP MacServerTargetPlatform
[2017.04.22-04.38.07:327][  0]LogTemp:Display: Loaded TP MacTargetPlatform
[2017.04.22-04.38.07:451][  0]LogTemp:Display: Loaded TP WindowsClientTargetPlatform
[2017.04.22-04.38.07:541][  0]LogTemp:Display: Loaded TP WindowsNoEditorTargetPlatform
[2017.04.22-04.38.07:622][  0]LogTemp:Display: Loaded TP WindowsServerTargetPlatform
[2017.04.22-04.38.07:676][  0]LogTemp:Display: Loaded TP WindowsTargetPlatform
[2017.04.22-04.38.07:732][  0]LogTemp:Display: Loaded TP AndroidTargetPlatform
[2017.04.22-04.38.07:836][  0]LogTemp:Display: Loaded TP Android_ASTCTargetPlatform
[2017.04.22-04.38.07:921][  0]LogTemp:Display: Loaded TP Android_ATCTargetPlatform
[2017.04.22-04.38.08:007][  0]LogTemp:Display: Loaded TP Android_DXTTargetPlatform
[2017.04.22-04.38.08:094][  0]LogTemp:Display: Loaded TP Android_ETC1TargetPlatform
[2017.04.22-04.38.08:198][  0]LogTemp:Display: Loaded TP Android_ETC2TargetPlatform
[2017.04.22-04.38.08:383][  0]LogTemp:Display: Loaded TP Android_MultiTargetPlatform
[2017.04.22-04.38.08:383][  0]LogTemp:Display: Loaded TP Android_PVRTCTargetPlatform
[2017.04.22-04.38.08:498][  0]LogTemp:Display: Loaded TP HTML5TargetPlatform
[2017.04.22-04.38.08:760][  0]LogTemp:Display: Loaded TP IOSTargetPlatform
[2017.04.22-04.38.08:875][  0]LogTemp:Display: Loaded TP TVOSTargetPlatform
[2017.04.22-04.38.08:997][  0]LogTemp:Display: Loaded TP LinuxClientTargetPlatform
[2017.04.22-04.38.09:065][  0]LogTemp:Display: Loaded TP LinuxNoEditorTargetPlatform
[2017.04.22-04.38.09:129][  0]LogTemp:Display: Loaded TP LinuxServerTargetPlatform
[2017.04.22-04.38.09:232][  0]LogTemp:Display: Loaded TP LinuxTargetPlatform
[2017.04.22-04.38.09:233][  0]LogTargetPlatformManager:Display: Building Assets For Windows
[2017.04.22-04.38.09:796][  0]LogDerivedDataCache:Display: Max Cache Size: 512 MB
[2017.04.22-04.38.09:921][  0]LogDerivedDataCache: Loaded boot cache 0.12s 52MB C:/Users/amarz/AppData/Local/UnrealEngine/4.15/DerivedDataCache/Boot.ddc.
[2017.04.22-04.38.09:921][  0]LogDerivedDataCache:Display: Loaded Boot cache: C:/Users/amarz/AppData/Local/UnrealEngine/4.15/DerivedDataCache/Boot.ddc
[2017.04.22-04.38.09:921][  0]LogDerivedDataCache: FDerivedDataBackendGraph:  Pak pak cache file ../../../../../../Users/amarz/Documents/Virtual Worlds/ShutterIslandChase/Game Files/DerivedDataCache/DDC.ddp not found, will not use a pak cache.
[2017.04.22-04.38.09:921][  0]LogDerivedDataCache: Unable to find inner node Pak for hierarchical cache Hierarchy.
[2017.04.22-04.38.09:921][  0]LogDerivedDataCache: FDerivedDataBackendGraph:  CompressedPak pak cache file ../../../../../../Users/amarz/Documents/Virtual Worlds/ShutterIslandChase/Game Files/DerivedDataCache/Compressed.ddp not found, will not use a pak cache.
[2017.04.22-04.38.09:921][  0]LogDerivedDataCache: Unable to find inner node CompressedPak for hierarchical cache Hierarchy.
[2017.04.22-04.38.09:958][  0]LogDerivedDataCache:Display: Pak cache opened for reading ../../../Engine/DerivedDataCache/Compressed.ddp.
[2017.04.22-04.38.09:971][  0]LogDerivedDataCache: Using Local data cache path C:/Users/amarz/AppData/Local/UnrealEngine/Common/DerivedDataCache: Writable
[2017.04.22-04.38.10:011][  0]LogSlate: Using Freetype 2.6.0
[2017.04.22-04.38.10:012][  0]LogSlate: SlateFontCache - WITH_FREETYPE: 1, WITH_HARFBUZZ: 1
[2017.04.22-04.38.10:012][  0]LogSlate: SlateFontCache - WITH_FREETYPE: 1, WITH_HARFBUZZ: 1
[2017.04.22-04.38.10:472][  0]LogInit: Selected Device Profile: [Windows]
[2017.04.22-04.38.10:475][  0]LogContentStreaming: Texture pool size is 0.00 MB
[2017.04.22-04.38.10:748][  0]LogMeshUtilities: Using QuadricMeshReduction for automatic static mesh reduction
[2017.04.22-04.38.10:787][  0]LogSimplygon: Simplygon DLL not present - disabling.
[2017.04.22-04.38.10:830][  0]LogMeshUtilities: Using SimplygonSwarm for distributed automatic mesh merging
[2017.04.22-04.38.10:830][  0]LogMeshUtilities: No automatic skeletal mesh reduction module available
[2017.04.22-04.38.10:830][  0]LogMeshUtilities: No automatic mesh merging module available
[2017.04.22-04.38.11:481][  0]LogNetVersion: GetLocalNetworkVersion: CL: 3299760, ProjectName: std48, ProjectVersion: , EngineNetworkVersion: 2, GameNetworkVersion: 0, NetworkChecksum: 2409391145
[2017.04.22-04.38.11:528][  0]LogAssetRegistry: FAssetRegistry took 0.0213 seconds to start up
[2017.04.22-04.38.11:583][  0]LogPackageLocalizationCache: Processed 3 localized package path(s) for 2 prioritized culture(s) in 0.031591 seconds
[2017.04.22-04.38.11:588][  0]LogUObjectArray: 32493 objects as part of root set at end of initial load.
[2017.04.22-04.38.11:588][  0]LogUObjectAllocator: 7077032 out of 0 bytes used by permanent object pool.
[2017.04.22-04.38.11:588][  0]LogUObjectArray: CloseDisregardForGC: 0/0 objects in disregard for GC pool
[2017.04.22-04.38.11:650][  0]LogInit: WinSock: version 1.1 (2.2), MaxSocks=32767, MaxUdp=65467
[2017.04.22-04.38.13:820][  0]LogTcpMessaging: Initializing TcpMessaging bridge
[2017.04.22-04.38.13:877][  0]LogUdpMessaging: Initializing bridge on interface 0.0.0.0:0 to multicast group 230.0.0.1:6666.
[2017.04.22-04.38.14:896][  0]LogMaterial: Uniform references updated for custom material expression Custom.
[2017.04.22-04.38.15:410][  0]SourceControl: Info Source control is disabled
[2017.04.22-04.38.15:444][  0]SourceControl: Info Source control is disabled
[2017.04.22-04.38.15:534][  0]SourceControl: Info Source control is disabled
[2017.04.22-04.38.15:620][  0]SourceControl: Info Source control is disabled
[2017.04.22-04.38.17:355][  0]LogEngine: Initializing Engine...
[2017.04.22-04.38.17:356][  0]LogHMD: Failed to initialize OpenVR with code 110
[2017.04.22-04.38.17:807][  0]LogAIModule: Creating AISystem for world Untitled
[2017.04.22-04.38.17:844][  0]LogInit: XAudio2 using 'DELL S2715H-8 (NVIDIA High Definition Audio)' : 2 channels at 48 kHz using 16 bits per sample (channel mask 0x3)
[2017.04.22-04.38.17:859][  0]LogInit: FAudioDevice initialized.
[2017.04.22-04.38.17:897][  0]LogDerivedDataCache: Saved boot cache 0.04s 60MB C:/Users/amarz/AppData/Local/UnrealEngine/4.15/DerivedDataCache/Boot.ddc.
[2017.04.22-04.38.17:907][  0]LogInit: Texture streaming: Enabled
[2017.04.22-04.38.18:118][  0]LogEngineSessionManager: EngineSessionManager initialized
[2017.04.22-04.38.18:222][  0]LogInit: Transaction tracking system initialized
[2017.04.22-04.38.18:821][  0]BlueprintLog: New page: Editor Load
[2017.04.22-04.38.20:090][  0]LocalizationService: Info Localization service is disabled
[2017.04.22-04.38.21:396][  0]LogConsoleResponse:Display: 
[2017.04.22-04.38.21:525][  0]LogCook:Display: Max memory allowance for cook 16384mb min free memory 0mb
[2017.04.22-04.38.21:525][  0]LogCook:Display: Mobile HDR setting 1
[2017.04.22-04.38.22:731][  0]LogFileCache: Scanning file cache for directory 'C:/Users/amarz/Documents/Virtual Worlds/ShutterIslandChase/Game Files/Content/' took 0.01s
[2017.04.22-04.38.23:496][  0]SourceControl: Info Source control is disabled
[2017.04.22-04.38.23:496][  0]Cmd: MAP LOAD FILE="../../../../../../Users/amarz/Documents/Virtual Worlds/ShutterIslandChase/Game Files/Content/ThirdPersonBP/Maps/ThirdPersonExampleMap.umap" TEMPLATE=0 SHOWPROGRESS=1 FEATURELEVEL=3
[2017.04.22-04.38.23:497][  0]LightingResults: New page: Lighting Build
[2017.04.22-04.38.23:574][  0]MapCheck: New page: Map Check
[2017.04.22-04.38.23:574][  0]LightingResults: New page: Lighting Build
[2017.04.22-04.38.25:327][  0]LogAIModule: Creating AISystem for world ThirdPersonExampleMap
[2017.04.22-04.38.25:344][  0]LogActorComponent: RegisterComponentWithWorld: (/Game/ThirdPersonBP/Maps/ThirdPersonExampleMap.ThirdPersonExampleMap:PersistentLevel.WorldInfo_0.StaticMeshComponent0) Trying to register component with IsPendingKill() == true. Aborting.
[2017.04.22-04.38.25:352][  0]LogEditorServer: Finished looking for orphan Actors (0.000 secs)
[2017.04.22-04.38.26:005][  0]Cmd: MAP CHECKDEP NOCLEARLOG
[2017.04.22-04.38.26:103][  0]MapCheck: Info Map check complete: 0 Error(s), 0 Warning(s), took 97.331ms to complete.
[2017.04.22-04.38.26:103][  0]LogFileHelpers: Loading map 'ThirdPersonExampleMap' took 2.607
[2017.04.22-04.38.26:271][  0]LogWindowsTextInputMethodSystem:Display: IME system now deactivated.
[2017.04.22-04.38.26:614][  0]LogCollectionManager: Loaded 0 collections in 0.004448 seconds
[2017.04.22-04.38.26:805][  0]LogFileCache: Scanning file cache for directory 'C:/Users/amarz/Documents/Virtual Worlds/ShutterIslandChase/Game Files/Saved/Collections/' took 0.01s
[2017.04.22-04.38.26:805][  0]LogFileCache: Scanning file cache for directory 'C:/Users/amarz/Documents/Virtual Worlds/ShutterIslandChase/Game Files/Content/Developers/amarz/Collections/' took 0.01s
[2017.04.22-04.38.26:805][  0]LogFileCache: Scanning file cache for directory 'C:/Users/amarz/Documents/Virtual Worlds/ShutterIslandChase/Game Files/Content/Collections/' took 0.01s
[2017.04.22-04.38.26:805][  0]LogCollectionManager: Rebuilt the GUID cache for 0 collections in 0.000003 seconds
[2017.04.22-04.38.26:822][  0]LogContentBrowser: Native class hierarchy populated in 0.0165 seconds. Added 2245 classes and 453 folders.
[2017.04.22-04.38.26:829][  0]LogStats: UGameplayTagsManager::ConstructGameplayTagTree: Construct from data asset -  0.000 s
[2017.04.22-04.38.26:829][  0]LogStats: UGameplayTagsManager::ConstructGameplayTagTree: GameplayTagTreeChangedEvent.Broadcast -  0.000 s
[2017.04.22-04.38.26:988][  0]LogContentBrowser: Native class hierarchy updated for 'WidgetCarousel' in 0.0006 seconds. Added 0 classes and 0 folders.
[2017.04.22-04.38.27:064][  0]LogContentBrowser: Native class hierarchy updated for 'AddContentDialog' in 0.0015 seconds. Added 0 classes and 0 folders.
[2017.04.22-04.38.27:182][  0]LogContentBrowser: Native class hierarchy updated for 'SceneOutliner' in 0.0010 seconds. Added 1 classes and 2 folders.
[2017.04.22-04.38.27:368][  0]LogCrashTracker: Crashtracker disabled due to settings.
[2017.04.22-04.38.28:687][  0]LogSlate: Only BGRA pngs, bmps or icos are supported in by External Image Picker
[2017.04.22-04.38.28:718][  0]LogUObjectGlobals:Warning: Failed to find object 'Class None.'
[2017.04.22-04.38.28:845][  0]LogContentBrowser: Native class hierarchy updated for 'HierarchicalLODOutliner' in 0.0007 seconds. Added 1 classes and 2 folders.
[2017.04.22-04.38.28:846][  0]LogTemp:Display: Executing iPhonePackager certificates Engine -bundlename com.YourCompany.std48

[2017.04.22-04.38.28:846][  0]LogTemp:Display: CWD: C:\Program Files\Epic Games\UE_4.15\Engine\Binaries\DotNET\IOS

[2017.04.22-04.38.28:846][  0]LogTemp:Display: Initial Dir: C:\Program Files\Epic Games\UE_4.15

[2017.04.22-04.38.28:846][  0]LogTemp:Display: Env CWD: C:\Program Files\Epic Games\UE_4.15\Engine\Binaries\DotNET\IOS

[2017.04.22-04.38.28:846][  0]LogLoad: (Engine Initialization) Total time: 29.76 seconds
[2017.04.22-04.38.28:846][  0]LogLoad: (Engine Initialization) Total Blueprint compile time: 0.83 seconds
[2017.04.22-04.38.28:846][  0]LogExternalProfiler: Found external profiler: VSPerf
[2017.04.22-04.38.28:846][  0]LogExternalProfiler: Using external profiler: VSPerf
[2017.04.22-04.38.28:864][  0]LogTemp:Display: BranchPath = DESKTOP-JPBMJ26/C/Program Files/Epic Games/UE_4.15/Engine/Binaries --- GameBranchPath = DESKTOP-JPBMJ26/C/Program Files/Epic Games/UE_4.15/Engine/Binaries

[2017.04.22-04.38.28:864][  0]LogTemp:Display: IPP ERROR: Application exception: System.IO.DirectoryNotFoundException: Could not find a part of the path 'C:\Users\amarz\AppData\Local\Apple Computer\MobileDevice\Provisioning Profiles'.

[2017.04.22-04.38.28:864][  0]LogTemp:Display:    at System.IO.__Error.WinIOError(Int32 errorCode, String maybeFullPath)

[2017.04.22-04.38.28:864][  0]LogTemp:Display:    at System.IO.FileSystemEnumerableIterator`1.CommonInit()

[2017.04.22-04.38.28:864][  0]LogTemp:Display:    at System.IO.Directory.EnumerateFiles(String path, String searchPattern)

[2017.04.22-04.38.28:864][  0]LogTemp:Display:    at iPhonePackager.CodeSignatureBuilder.FindProvisions(String CFBundleIdentifier)

[2017.04.22-04.38.28:864][  0]LogTemp:Display:    at iPhonePackager.Program.Main(String[] args)

[2017.04.22-04.38.28:864][  0]LogOcInput: OculusInput pre-init called
[2017.04.22-04.38.28:885][  0]LogContentStreaming: Texture pool size now 1000 MB
[2017.04.22-04.38.28:887][  0]LogSlate: Took 0.000432 seconds to synchronously load lazily loaded font '../../../Engine/Content/Slate/Fonts/Roboto-Regular.ttf' (155K)
[2017.04.22-04.38.28:893][  0]LogSlate: Took 0.000369 seconds to synchronously load lazily loaded font '../../../Engine/Content/Slate/Fonts/Roboto-Bold.ttf' (160K)
[2017.04.22-04.38.28:901][  0]LogSlate: Took 0.000371 seconds to synchronously load lazily loaded font '../../../Engine/Content/Editor/Slate/Fonts/FontAwesome.ttf' (139K)
[2017.04.22-04.38.29:057][  0]LogSlate: Took 0.000286 seconds to synchronously load lazily loaded font '../../../Engine/Content/Slate/Fonts/Roboto-Light.ttf' (159K)
[2017.04.22-04.38.29:117][  0]LogRenderer: Reallocating scene render targets to support 876x436 NumSamples 1 (Frame:2).
[2017.04.22-04.38.29:247][  1]LogAssetRegistry: Asset discovery search completed in 17.7401 seconds
[2017.04.22-04.38.29:247][  1]LogCollectionManager: Rebuilt the object cache for 0 collections in 0.000006 seconds (found 0 objects)
[2017.04.22-04.38.29:247][  1]LogCollectionManager: Fixed up redirectors for 0 collections in 0.000038 seconds (updated 0 objects)
[2017.04.22-04.38.33:833][247]LogTemp: Repeting last play command: Selected Viewport
[2017.04.22-04.38.33:839][247]LogBlueprintUserMessages: Early PlayInEditor Detection: Level '/Game/ThirdPersonBP/Maps/ThirdPersonExampleMap.ThirdPersonExampleMap:PersistentLevel' has LevelScriptBlueprint '/Game/ThirdPersonBP/Maps/ThirdPersonExampleMap.ThirdPersonExampleMap:PersistentLevel.ThirdPersonExampleMap' with GeneratedClass '/Game/ThirdPersonBP/Maps/ThirdPersonExampleMap.ThirdPersonExampleMap_C' with ClassGeneratedBy '/Game/ThirdPersonBP/Maps/ThirdPersonExampleMap.ThirdPersonExampleMap:PersistentLevel.ThirdPersonExampleMap'
[2017.04.22-04.38.33:839][247]LogPlayLevel: PlayLevel: No blueprints needed recompiling
[2017.04.22-04.38.33:840][247]PIE: New page: PIE session: ThirdPersonExampleMap (Apr 21, 2017, 4:38:33 PM)
[2017.04.22-04.38.33:840][247]LogPlayLevel: Creating play world package: /Game/ThirdPersonBP/Maps/UEDPIE_0_ThirdPersonExampleMap
[2017.04.22-04.38.33:860][247]LogPlayLevel: PIE: StaticDuplicateObject took: (0.020090s)
[2017.04.22-04.38.33:860][247]LogAIModule: Creating AISystem for world ThirdPersonExampleMap
[2017.04.22-04.38.33:861][247]LogPlayLevel: PIE: World Init took: (0.000739s)
[2017.04.22-04.38.33:861][247]LogPlayLevel: PIE: Created PIE world by copying editor world from /Game/ThirdPersonBP/Maps/ThirdPersonExampleMap.ThirdPersonExampleMap to /Game/ThirdPersonBP/Maps/UEDPIE_0_ThirdPersonExampleMap.ThirdPersonExampleMap (0.021057s)
[2017.04.22-04.38.33:905][247]LogInit: XAudio2 using 'DELL S2715H-8 (NVIDIA High Definition Audio)' : 2 channels at 48 kHz using 16 bits per sample (channel mask 0x3)
[2017.04.22-04.38.33:915][247]LogInit: FAudioDevice initialized.
[2017.04.22-04.38.33:961][247]LogLoad: Game class is 'ThirdPersonGameMode_C'
[2017.04.22-04.38.33:965][247]LogWorld: Bringing World /Game/ThirdPersonBP/Maps/UEDPIE_0_ThirdPersonExampleMap.ThirdPersonExampleMap up for play (max tick rate 60) at 2017.04.21-22.38.33
[2017.04.22-04.38.33:965][247]LogWorld: Bringing up level for play took: 0.002344
[2017.04.22-04.38.34:053][247]LogContentBrowser: Native class hierarchy updated for 'MovieSceneCapture' in 0.0009 seconds. Added 11 classes and 0 folders.
[2017.04.22-04.38.34:053][247]LogGameMode:Display: Match State Changed from EnteringMap to WaitingToStart
[2017.04.22-04.38.34:053][247]LogGameState: Match State Changed from EnteringMap to WaitingToStart
[2017.04.22-04.38.34:054][247]LogGameMode:Display: Match State Changed from WaitingToStart to InProgress
[2017.04.22-04.38.34:054][247]LogGameState: Match State Changed from WaitingToStart to InProgress
[2017.04.22-04.38.34:054][247]PIE: Info Play in editor start time for /Game/ThirdPersonBP/Maps/UEDPIE_0_ThirdPersonExampleMap -0.141
[2017.04.22-04.38.34:055][247]LogBlueprintUserMessages: Late PlayInEditor Detection: Level '/Game/ThirdPersonBP/Maps/ThirdPersonExampleMap.ThirdPersonExampleMap:PersistentLevel' has LevelScriptBlueprint '/Game/ThirdPersonBP/Maps/ThirdPersonExampleMap.ThirdPersonExampleMap:PersistentLevel.ThirdPersonExampleMap' with GeneratedClass '/Game/ThirdPersonBP/Maps/ThirdPersonExampleMap.ThirdPersonExampleMap_C' with ClassGeneratedBy '/Game/ThirdPersonBP/Maps/ThirdPersonExampleMap.ThirdPersonExampleMap:PersistentLevel.ThirdPersonExampleMap'
[2017.04.22-04.38.47:410][ 28]LogBlueprintUserMessages: Early EndPlayMap Detection: Level '/Game/ThirdPersonBP/Maps/ThirdPersonExampleMap.ThirdPersonExampleMap:PersistentLevel' has LevelScriptBlueprint '/Game/ThirdPersonBP/Maps/ThirdPersonExampleMap.ThirdPersonExampleMap:PersistentLevel.ThirdPersonExampleMap' with GeneratedClass '/Game/ThirdPersonBP/Maps/ThirdPersonExampleMap.ThirdPersonExampleMap_C' with ClassGeneratedBy '/Game/ThirdPersonBP/Maps/ThirdPersonExampleMap.ThirdPersonExampleMap:PersistentLevel.ThirdPersonExampleMap'
[2017.04.22-04.38.47:454][ 28]LogBlueprintUserMessages: Late EndPlayMap Detection: Level '/Game/ThirdPersonBP/Maps/ThirdPersonExampleMap.ThirdPersonExampleMap:PersistentLevel' has LevelScriptBlueprint '/Game/ThirdPersonBP/Maps/ThirdPersonExampleMap.ThirdPersonExampleMap:PersistentLevel.ThirdPersonExampleMap' with GeneratedClass '/Game/ThirdPersonBP/Maps/ThirdPersonExampleMap.ThirdPersonExampleMap_C' with ClassGeneratedBy '/Game/ThirdPersonBP/Maps/ThirdPersonExampleMap.ThirdPersonExampleMap:PersistentLevel.ThirdPersonExampleMap'
[2017.04.22-04.38.58:112][574]LogEditorViewport: Clicking on Actor (LMB): StaticMeshActor (Ramp_StaticMesh3)
[2017.04.22-04.39.08:188][ 90]Cmd: BRUSH ADD SELECTNEWBRUSH
[2017.04.22-04.39.26:652][ 82]LogEditorViewport: Clicking on Actor (LMB): StaticMeshActor (CubeMesh)
[2017.04.22-04.39.30:332][270]LogEditorViewport: Clicking on Actor (LMB): StaticMeshActor (Ramp_StaticMesh3)
[2017.04.22-04.39.31:067][309]LogSlate: Took 0.010303 seconds to synchronously load lazily loaded font '../../../Engine/Content/Editor/Slate/Fonts/Roboto-Italic.ttf' (157K)
[2017.04.22-04.40.07:539][247]LogSlate: Took 0.000140 seconds to synchronously load lazily loaded font '../../../Engine/Content/Slate/Fonts/Roboto-Light.ttf' (159K)
[2017.04.22-04.40.07:592][247]LogStaticMesh: Building static mesh Box_Brush_StaticMesh...
[2017.04.22-04.40.07:592][247]LogMeshUtilities: Invalid vertex normals found for mesh. Forcing recomputation of vertex normals for MikkTSpace. Fix mesh or disable "Use MikkTSpace Tangent Space" to avoid forced recomputation of normals.
[2017.04.22-04.40.07:595][247]LogStaticMesh: Built static mesh [0.00s] /Game/ThirdPersonBP/Meshes/Box_Brush_StaticMesh.Box_Brush_StaticMesh
[2017.04.22-04.40.07:600][247]LogActorFactory: Actor Factory created Box_Brush_StaticMesh
[2017.04.22-04.40.07:665][247]EditorErrors: New page: Actor Reattachment
[2017.04.22-04.40.29:405][402]LogEditorViewport: Clicking on Actor (LMB): StaticMeshActor (Ramp_StaticMesh3)
[2017.04.22-04.40.31:772][540]LogEditorViewport: Clicking on Actor (LMB): StaticMeshActor (Box_Brush_StaticMesh)
[2017.04.22-04.41.57:080][478]LogTemp: Repeting last play command: Selected Viewport
[2017.04.22-04.41.57:092][478]LogBlueprintUserMessages: Early PlayInEditor Detection: Level '/Game/ThirdPersonBP/Maps/ThirdPersonExampleMap.ThirdPersonExampleMap:PersistentLevel' has LevelScriptBlueprint '/Game/ThirdPersonBP/Maps/ThirdPersonExampleMap.ThirdPersonExampleMap:PersistentLevel.ThirdPersonExampleMap' with GeneratedClass '/Game/ThirdPersonBP/Maps/ThirdPersonExampleMap.ThirdPersonExampleMap_C' with ClassGeneratedBy '/Game/ThirdPersonBP/Maps/ThirdPersonExampleMap.ThirdPersonExampleMap:PersistentLevel.ThirdPersonExampleMap'
[2017.04.22-04.41.57:092][478]LogPlayLevel: PlayLevel: No blueprints needed recompiling
[2017.04.22-04.41.57:092][478]PIE: New page: PIE session: ThirdPersonExampleMap (Apr 21, 2017, 4:41:57 PM)
[2017.04.22-04.41.57:092][478]LogPlayLevel: Creating play world package: /Game/ThirdPersonBP/Maps/UEDPIE_0_ThirdPersonExampleMap
[2017.04.22-04.41.57:115][478]LogPlayLevel: PIE: StaticDuplicateObject took: (0.022405s)
[2017.04.22-04.41.57:116][478]LogAIModule: Creating AISystem for world ThirdPersonExampleMap
[2017.04.22-04.41.57:116][478]LogPlayLevel: PIE: World Init took: (0.001045s)
[2017.04.22-04.41.57:116][478]LogPlayLevel: PIE: Created PIE world by copying editor world from /Game/ThirdPersonBP/Maps/ThirdPersonExampleMap.ThirdPersonExampleMap to /Game/ThirdPersonBP/Maps/UEDPIE_0_ThirdPersonExampleMap.ThirdPersonExampleMap (0.023721s)
[2017.04.22-04.41.57:148][478]LogInit: XAudio2 using 'DELL S2715H-8 (NVIDIA High Definition Audio)' : 2 channels at 48 kHz using 16 bits per sample (channel mask 0x3)
[2017.04.22-04.41.57:158][478]LogInit: FAudioDevice initialized.
[2017.04.22-04.41.57:191][478]LogLoad: Game class is 'ThirdPersonGameMode_C'
[2017.04.22-04.41.57:194][478]LogWorld: Bringing World /Game/ThirdPersonBP/Maps/UEDPIE_0_ThirdPersonExampleMap.ThirdPersonExampleMap up for play (max tick rate 60) at 2017.04.21-22.41.57
[2017.04.22-04.41.57:195][478]LogWorld: Bringing up level for play took: 0.002266
[2017.04.22-04.41.57:195][478]LogGameMode:Display: Match State Changed from EnteringMap to WaitingToStart
[2017.04.22-04.41.57:195][478]LogGameState: Match State Changed from EnteringMap to WaitingToStart
[2017.04.22-04.41.57:195][478]LogGameMode:Display: Match State Changed from WaitingToStart to InProgress
[2017.04.22-04.41.57:196][478]LogGameState: Match State Changed from WaitingToStart to InProgress
[2017.04.22-04.41.57:196][478]PIE: Info Play in editor start time for /Game/ThirdPersonBP/Maps/UEDPIE_0_ThirdPersonExampleMap 1.001
[2017.04.22-04.41.57:196][478]LogBlueprintUserMessages: Late PlayInEditor Detection: Level '/Game/ThirdPersonBP/Maps/ThirdPersonExampleMap.ThirdPersonExampleMap:PersistentLevel' has LevelScriptBlueprint '/Game/ThirdPersonBP/Maps/ThirdPersonExampleMap.ThirdPersonExampleMap:PersistentLevel.ThirdPersonExampleMap' with GeneratedClass '/Game/ThirdPersonBP/Maps/ThirdPersonExampleMap.ThirdPersonExampleMap_C' with ClassGeneratedBy '/Game/ThirdPersonBP/Maps/ThirdPersonExampleMap.ThirdPersonExampleMap:PersistentLevel.ThirdPersonExampleMap'
[2017.04.22-04.42.05:603][971]LogBlueprintUserMessages: Early EndPlayMap Detection: Level '/Game/ThirdPersonBP/Maps/ThirdPersonExampleMap.ThirdPersonExampleMap:PersistentLevel' has LevelScriptBlueprint '/Game/ThirdPersonBP/Maps/ThirdPersonExampleMap.ThirdPersonExampleMap:PersistentLevel.ThirdPersonExampleMap' with GeneratedClass '/Game/ThirdPersonBP/Maps/ThirdPersonExampleMap.ThirdPersonExampleMap_C' with ClassGeneratedBy '/Game/ThirdPersonBP/Maps/ThirdPersonExampleMap.ThirdPersonExampleMap:PersistentLevel.ThirdPersonExampleMap'
[2017.04.22-04.42.05:735][971]LogBlueprintUserMessages: Late EndPlayMap Detection: Level '/Game/ThirdPersonBP/Maps/ThirdPersonExampleMap.ThirdPersonExampleMap:PersistentLevel' has LevelScriptBlueprint '/Game/ThirdPersonBP/Maps/ThirdPersonExampleMap.ThirdPersonExampleMap:PersistentLevel.ThirdPersonExampleMap' with GeneratedClass '/Game/ThirdPersonBP/Maps/ThirdPersonExampleMap.ThirdPersonExampleMap_C' with ClassGeneratedBy '/Game/ThirdPersonBP/Maps/ThirdPersonExampleMap.ThirdPersonExampleMap:PersistentLevel.ThirdPersonExampleMap'
[2017.04.22-04.42.13:463][390]LogEditorViewport: Clicking on Actor (LMB): StaticMeshActor (Ramp_StaticMesh3)
[2017.04.22-04.42.17:701][605]LogEditorViewport: Clicking on Actor (LMB): StaticMeshActor (Box_Brush_StaticMesh)
[2017.04.22-04.42.19:632][712]LogEditorViewport: Clicking on Actor (LMB): StaticMeshActor (Ramp_StaticMesh3)
[2017.04.22-04.42.21:083][791]LogEditorViewport: Clicking on Actor (LMB): StaticMeshActor (Box_Brush_StaticMesh)
[2017.04.22-04.42.23:284][916]LogEditorViewport: Clicking on Actor (LMB): StaticMeshActor (Ramp_StaticMesh3)
[2017.04.22-04.42.24:473][982]LogEditorViewport: Clicking on Actor (LMB): StaticMeshActor (Box_Brush_StaticMesh)
[2017.04.22-04.42.27:551][154]LogEditorViewport: Clicking on Actor (LMB): StaticMeshActor (Ramp_StaticMesh3)
[2017.04.22-04.42.29:299][252]LogEditorViewport: Clicking on Actor (LMB): StaticMeshActor (Box_Brush_StaticMesh)
[2017.04.22-04.42.33:438][485]LogEditorViewport: Clicking on Actor (LMB): StaticMeshActor (Ramp_StaticMesh3)
[2017.04.22-04.42.34:970][571]LogEditorViewport: Clicking on Actor (LMB): StaticMeshActor (Box_Brush_StaticMesh)
[2017.04.22-04.42.44:112][ 10]LogTemp: Repeting last play command: Selected Viewport
[2017.04.22-04.42.44:119][ 10]LogBlueprintUserMessages: Early PlayInEditor Detection: Level '/Game/ThirdPersonBP/Maps/ThirdPersonExampleMap.ThirdPersonExampleMap:PersistentLevel' has LevelScriptBlueprint '/Game/ThirdPersonBP/Maps/ThirdPersonExampleMap.ThirdPersonExampleMap:PersistentLevel.ThirdPersonExampleMap' with GeneratedClass '/Game/ThirdPersonBP/Maps/ThirdPersonExampleMap.ThirdPersonExampleMap_C' with ClassGeneratedBy '/Game/ThirdPersonBP/Maps/ThirdPersonExampleMap.ThirdPersonExampleMap:PersistentLevel.ThirdPersonExampleMap'
[2017.04.22-04.42.44:119][ 10]LogPlayLevel: PlayLevel: No blueprints needed recompiling
[2017.04.22-04.42.44:119][ 10]PIE: New page: PIE session: ThirdPersonExampleMap (Apr 21, 2017, 4:42:44 PM)
[2017.04.22-04.42.44:119][ 10]LogPlayLevel: Creating play world package: /Game/ThirdPersonBP/Maps/UEDPIE_0_ThirdPersonExampleMap
[2017.04.22-04.42.44:140][ 10]LogPlayLevel: PIE: StaticDuplicateObject took: (0.020695s)
[2017.04.22-04.42.44:140][ 10]LogAIModule: Creating AISystem for world ThirdPersonExampleMap
[2017.04.22-04.42.44:141][ 10]LogPlayLevel: PIE: World Init took: (0.001037s)
[2017.04.22-04.42.44:141][ 10]LogPlayLevel: PIE: Created PIE world by copying editor world from /Game/ThirdPersonBP/Maps/ThirdPersonExampleMap.ThirdPersonExampleMap to /Game/ThirdPersonBP/Maps/UEDPIE_0_ThirdPersonExampleMap.ThirdPersonExampleMap (0.021952s)
[2017.04.22-04.42.44:167][ 10]LogInit: XAudio2 using 'DELL S2715H-8 (NVIDIA High Definition Audio)' : 2 channels at 48 kHz using 16 bits per sample (channel mask 0x3)
[2017.04.22-04.42.44:175][ 10]LogInit: FAudioDevice initialized.
[2017.04.22-04.42.44:212][ 10]LogLoad: Game class is 'ThirdPersonGameMode_C'
[2017.04.22-04.42.44:220][ 10]LogWorld: Bringing World /Game/ThirdPersonBP/Maps/UEDPIE_0_ThirdPersonExampleMap.ThirdPersonExampleMap up for play (max tick rate 60) at 2017.04.21-22.42.44
[2017.04.22-04.42.44:221][ 10]LogWorld: Bringing up level for play took: 0.005695
[2017.04.22-04.42.44:222][ 10]LogGameMode:Display: Match State Changed from EnteringMap to WaitingToStart
[2017.04.22-04.42.44:222][ 10]LogGameState: Match State Changed from EnteringMap to WaitingToStart
[2017.04.22-04.42.44:222][ 10]LogGameMode:Display: Match State Changed from WaitingToStart to InProgress
[2017.04.22-04.42.44:223][ 10]LogGameState: Match State Changed from WaitingToStart to InProgress
[2017.04.22-04.42.44:223][ 10]PIE: Info Play in editor start time for /Game/ThirdPersonBP/Maps/UEDPIE_0_ThirdPersonExampleMap 0.028
[2017.04.22-04.42.44:224][ 10]LogBlueprintUserMessages: Late PlayInEditor Detection: Level '/Game/ThirdPersonBP/Maps/ThirdPersonExampleMap.ThirdPersonExampleMap:PersistentLevel' has LevelScriptBlueprint '/Game/ThirdPersonBP/Maps/ThirdPersonExampleMap.ThirdPersonExampleMap:PersistentLevel.ThirdPersonExampleMap' with GeneratedClass '/Game/ThirdPersonBP/Maps/ThirdPersonExampleMap.ThirdPersonExampleMap_C' with ClassGeneratedBy '/Game/ThirdPersonBP/Maps/ThirdPersonExampleMap.ThirdPersonExampleMap:PersistentLevel.ThirdPersonExampleMap'
[2017.04.22-04.42.49:848][339]LogBlueprintUserMessages: Early EndPlayMap Detection: Level '/Game/ThirdPersonBP/Maps/ThirdPersonExampleMap.ThirdPersonExampleMap:PersistentLevel' has LevelScriptBlueprint '/Game/ThirdPersonBP/Maps/ThirdPersonExampleMap.ThirdPersonExampleMap:PersistentLevel.ThirdPersonExampleMap' with GeneratedClass '/Game/ThirdPersonBP/Maps/ThirdPersonExampleMap.ThirdPersonExampleMap_C' with ClassGeneratedBy '/Game/ThirdPersonBP/Maps/ThirdPersonExampleMap.ThirdPersonExampleMap:PersistentLevel.ThirdPersonExampleMap'
[2017.04.22-04.42.50:013][339]LogBlueprintUserMessages: Late EndPlayMap Detection: Level '/Game/ThirdPersonBP/Maps/ThirdPersonExampleMap.ThirdPersonExampleMap:PersistentLevel' has LevelScriptBlueprint '/Game/ThirdPersonBP/Maps/ThirdPersonExampleMap.ThirdPersonExampleMap:PersistentLevel.ThirdPersonExampleMap' with GeneratedClass '/Game/ThirdPersonBP/Maps/ThirdPersonExampleMap.ThirdPersonExampleMap_C' with ClassGeneratedBy '/Game/ThirdPersonBP/Maps/ThirdPersonExampleMap.ThirdPersonExampleMap:PersistentLevel.ThirdPersonExampleMap'
[2017.04.22-04.42.50:896][383]LogEditorViewport: Clicking on Actor (LMB): StaticMeshActor (Box_Brush_StaticMesh)
[2017.04.22-04.43.01:036][932]Cmd: SELECT NONE
[2017.04.22-04.48.48:274][ 58]LogSlate: Took 0.000565 seconds to synchronously load lazily loaded font '../../../Engine/Content/Slate/Fonts/Roboto-Light.ttf' (159K)
[2017.04.22-04.48.58:446][ 85]LogSlate: Took 0.000148 seconds to synchronously load lazily loaded font '../../../Engine/Content/Slate/Fonts/Roboto-Regular.ttf' (155K)
[2017.04.22-04.48.58:469][ 85]LogSavePackage: Save=1107.64ms
[2017.04.22-04.48.58:469][ 85]LogSavePackage: Moving '../../../../../../Users/amarz/Documents/Virtual Worlds/ShutterIslandChase/Game Files/Saved/ThirdPersonExampleMap_Auto118F813BD41C0292A9608698D059BD8DB.tmp' to '../../../../../../Users/amarz/Documents/Virtual Worlds/ShutterIslandChase/Game Files/Saved/Autosaves/Game/ThirdPersonBP/Maps/ThirdPersonExampleMap_Auto1.umap'
[2017.04.22-04.48.58:470][ 85]LogSavePackage:Display: Finished SavePackage ../../../../../../Users/amarz/Documents/Virtual Worlds/ShutterIslandChase/Game Files/Saved/Autosaves/Game/ThirdPersonBP/Maps/ThirdPersonExampleMap_Auto1.umap
[2017.04.22-04.48.58:479][ 85]LogFileHelpers: Editor autosave (incl. sublevels) for '/Game/ThirdPersonBP/Maps/ThirdPersonExampleMap' took 1.158
[2017.04.22-04.48.58:479][ 85]LogFileHelpers: Editor autosave (incl. sublevels) for all levels took 1.158
[2017.04.22-04.48.58:482][ 85]OBJ SavePackage: Generating thumbnails for [1] asset(s) in package [/Game/ThirdPersonBP/Meshes/Box_Brush_StaticMesh] ([1] browsable assets)...
[2017.04.22-04.48.58:502][ 85]OBJ SavePackage:     Rendered thumbnail for [StaticMesh /Game/ThirdPersonBP/Meshes/Box_Brush_StaticMesh.Box_Brush_StaticMesh]
[2017.04.22-04.48.58:502][ 85]OBJ SavePackage: Finished generating thumbnails for package [/Game/ThirdPersonBP/Meshes/Box_Brush_StaticMesh]
[2017.04.22-04.48.58:520][ 85]LogSavePackage: Save=15.38ms
[2017.04.22-04.48.58:520][ 85]LogSavePackage: Moving '../../../../../../Users/amarz/Documents/Virtual Worlds/ShutterIslandChase/Game Files/Saved/Box_Brush_StaticMesh_Auto159885F654200ECD7A549E3B66C69ACAA.tmp' to '../../../../../../Users/amarz/Documents/Virtual Worlds/ShutterIslandChase/Game Files/Saved/Autosaves/Game/ThirdPersonBP/Meshes/Box_Brush_StaticMesh_Auto1.uasset'
[2017.04.22-04.48.58:522][ 85]LogSavePackage:Display: Finished SavePackage ../../../../../../Users/amarz/Documents/Virtual Worlds/ShutterIslandChase/Game Files/Saved/Autosaves/Game/ThirdPersonBP/Meshes/Box_Brush_StaticMesh_Auto1.uasset
[2017.04.22-04.48.58:522][ 85]LogFileHelpers: Auto-saving content packages took 0.040
[2017.04.22-04.52.45:021][770]LogEditorViewport: Clicking on Actor (LMB): StaticMeshActor (Box_Brush_StaticMesh)
[2017.04.22-05.00.20:617][368]LogTemp: Repeting last play command: Selected Viewport
[2017.04.22-05.00.20:624][368]LogBlueprintUserMessages: Early PlayInEditor Detection: Level '/Game/ThirdPersonBP/Maps/ThirdPersonExampleMap.ThirdPersonExampleMap:PersistentLevel' has LevelScriptBlueprint '/Game/ThirdPersonBP/Maps/ThirdPersonExampleMap.ThirdPersonExampleMap:PersistentLevel.ThirdPersonExampleMap' with GeneratedClass '/Game/ThirdPersonBP/Maps/ThirdPersonExampleMap.ThirdPersonExampleMap_C' with ClassGeneratedBy '/Game/ThirdPersonBP/Maps/ThirdPersonExampleMap.ThirdPersonExampleMap:PersistentLevel.ThirdPersonExampleMap'
[2017.04.22-05.00.20:624][368]LogPlayLevel: PlayLevel: No blueprints needed recompiling
[2017.04.22-05.00.20:625][368]PIE: New page: PIE session: ThirdPersonExampleMap (Apr 21, 2017, 5:00:20 PM)
[2017.04.22-05.00.20:625][368]LogPlayLevel: Creating play world package: /Game/ThirdPersonBP/Maps/UEDPIE_0_ThirdPersonExampleMap
[2017.04.22-05.00.20:652][368]LogPlayLevel: PIE: StaticDuplicateObject took: (0.027575s)
[2017.04.22-05.00.20:653][368]LogAIModule: Creating AISystem for world ThirdPersonExampleMap
[2017.04.22-05.00.20:653][368]LogPlayLevel: PIE: World Init took: (0.001116s)
[2017.04.22-05.00.20:654][368]LogPlayLevel: PIE: Created PIE world by copying editor world from /Game/ThirdPersonBP/Maps/ThirdPersonExampleMap.ThirdPersonExampleMap to /Game/ThirdPersonBP/Maps/UEDPIE_0_ThirdPersonExampleMap.ThirdPersonExampleMap (0.028992s)
[2017.04.22-05.00.20:679][368]LogInit: XAudio2 using 'DELL S2715H-8 (NVIDIA High Definition Audio)' : 2 channels at 48 kHz using 16 bits per sample (channel mask 0x3)
[2017.04.22-05.00.20:688][368]LogInit: FAudioDevice initialized.
[2017.04.22-05.00.20:720][368]LogLoad: Game class is 'ThirdPersonGameMode_C'
[2017.04.22-05.00.20:724][368]LogWorld: Bringing World /Game/ThirdPersonBP/Maps/UEDPIE_0_ThirdPersonExampleMap.ThirdPersonExampleMap up for play (max tick rate 0) at 2017.04.21-23.00.20
[2017.04.22-05.00.20:725][368]LogWorld: Bringing up level for play took: 0.002635
[2017.04.22-05.00.20:725][368]LogGameMode:Display: Match State Changed from EnteringMap to WaitingToStart
[2017.04.22-05.00.20:725][368]LogGameState: Match State Changed from EnteringMap to WaitingToStart
[2017.04.22-05.00.20:725][368]LogGameMode:Display: Match State Changed from WaitingToStart to InProgress
[2017.04.22-05.00.20:726][368]LogGameState: Match State Changed from WaitingToStart to InProgress
[2017.04.22-05.00.20:726][368]PIE: Info Play in editor start time for /Game/ThirdPersonBP/Maps/UEDPIE_0_ThirdPersonExampleMap 0.531
[2017.04.22-05.00.20:726][368]LogBlueprintUserMessages: Late PlayInEditor Detection: Level '/Game/ThirdPersonBP/Maps/ThirdPersonExampleMap.ThirdPersonExampleMap:PersistentLevel' has LevelScriptBlueprint '/Game/ThirdPersonBP/Maps/ThirdPersonExampleMap.ThirdPersonExampleMap:PersistentLevel.ThirdPersonExampleMap' with GeneratedClass '/Game/ThirdPersonBP/Maps/ThirdPersonExampleMap.ThirdPersonExampleMap_C' with ClassGeneratedBy '/Game/ThirdPersonBP/Maps/ThirdPersonExampleMap.ThirdPersonExampleMap:PersistentLevel.ThirdPersonExampleMap'
[2017.04.22-05.02.09:984][387]LogBlueprintUserMessages: Early EndPlayMap Detection: Level '/Game/ThirdPersonBP/Maps/ThirdPersonExampleMap.ThirdPersonExampleMap:PersistentLevel' has LevelScriptBlueprint '/Game/ThirdPersonBP/Maps/ThirdPersonExampleMap.ThirdPersonExampleMap:PersistentLevel.ThirdPersonExampleMap' with GeneratedClass '/Game/ThirdPersonBP/Maps/ThirdPersonExampleMap.ThirdPersonExampleMap_C' with ClassGeneratedBy '/Game/ThirdPersonBP/Maps/ThirdPersonExampleMap.ThirdPersonExampleMap:PersistentLevel.ThirdPersonExampleMap'
[2017.04.22-05.02.10:142][387]LogBlueprintUserMessages: Late EndPlayMap Detection: Level '/Game/ThirdPersonBP/Maps/ThirdPersonExampleMap.ThirdPersonExampleMap:PersistentLevel' has LevelScriptBlueprint '/Game/ThirdPersonBP/Maps/ThirdPersonExampleMap.ThirdPersonExampleMap:PersistentLevel.ThirdPersonExampleMap' with GeneratedClass '/Game/ThirdPersonBP/Maps/ThirdPersonExampleMap.ThirdPersonExampleMap_C' with ClassGeneratedBy '/Game/ThirdPersonBP/Maps/ThirdPersonExampleMap.ThirdPersonExampleMap:PersistentLevel.ThirdPersonExampleMap'
[2017.04.22-05.02.50:421][260]LogRenderer: Reallocating scene render targets to support 1096x576 NumSamples 1 (Frame:42638).
[2017.04.22-05.03.34:844][541]LogEditorViewport: Clicking on Actor (LMB): StaticMeshActor (Box_Brush_StaticMesh)
[2017.04.22-05.03.35:010][553]LogEditorViewport: Clicking on Component (LMB): StaticMeshComponent (StaticMeshComponent0)
[2017.04.22-05.03.35:961][646]LogEditorViewport: Clicking on Component (LMB): StaticMeshComponent (StaticMeshComponent0)
[2017.04.22-05.03.36:050][649]LogEditorViewport: Clicking on Actor (double click): StaticMeshActor (Box_Brush_StaticMesh)
[2017.04.22-05.03.36:888][720]LogEditorViewport: Clicking on Actor (LMB): StaticMeshActor (Box_Brush_StaticMesh)
[2017.04.22-05.03.36:959][727]LogEditorViewport: Clicking on Component (LMB): StaticMeshComponent (StaticMeshComponent0)
[2017.04.22-05.53.06:017][285]LogSavePackage: Save=1384.54ms
[2017.04.22-05.53.06:017][285]LogSavePackage: Moving '../../../../../../Users/amarz/Documents/Virtual Worlds/ShutterIslandChase/Game Files/Saved/ThirdPersonExampleMapF37BDC474B82F71FE3F78B9E86CFBCA2.tmp' to '../../../../../../Users/amarz/Documents/Virtual Worlds/ShutterIslandChase/Game Files/Content/ThirdPersonBP/Maps/ThirdPersonExampleMap.umap'
[2017.04.22-05.53.06:025][285]LogSavePackage:Display: Finished SavePackage ../../../../../../Users/amarz/Documents/Virtual Worlds/ShutterIslandChase/Game Files/Content/ThirdPersonBP/Maps/ThirdPersonExampleMap.umap
[2017.04.22-05.53.06:074][285]LogFileHelpers: Saving map 'ThirdPersonExampleMap' took 3.141
[2017.04.22-05.53.06:126][285]LogSavePackage: Save=19.47ms
[2017.04.22-05.53.06:126][285]LogSavePackage: Moving '../../../../../../Users/amarz/Documents/Virtual Worlds/ShutterIslandChase/Game Files/Saved/Box_Brush_StaticMesh073B6C5B4126AD1C6FDAD1B9B17CB3A0.tmp' to '../../../../../../Users/amarz/Documents/Virtual Worlds/ShutterIslandChase/Game Files/Content/ThirdPersonBP/Meshes/Box_Brush_StaticMesh.uasset'
[2017.04.22-05.53.06:132][285]LogSavePackage:Display: Finished SavePackage ../../../../../../Users/amarz/Documents/Virtual Worlds/ShutterIslandChase/Game Files/Content/ThirdPersonBP/Meshes/Box_Brush_StaticMesh.uasset
[2017.04.22-05.53.06:660][286]Cmd: QUIT_EDITOR
[2017.04.22-05.53.06:714][286]LogWindowsTextInputMethodSystem:Display: IME system now deactivated.
[2017.04.22-05.53.06:761][286]LogExit: Preparing to exit.
[2017.04.22-05.53.07:156][286]LogDirectoryWatcher: A directory notification failed for 'C:/Users/amarz/Documents/Virtual Worlds/ShutterIslandChase/Game Files/Content/', and we were unable to create a new request.
[2017.04.22-05.53.07:287][286]LogExit: Editor shut down
[2017.04.22-05.53.07:288][286]LogExit: Transaction tracking system shut down
[2017.04.22-05.53.07:546][286]LogObj: Freed 0b from 0 cluster array pools.
[2017.04.22-05.53.07:547][286]LogExit: Object subsystem successfully closed.
[2017.04.22-05.53.07:592][286]LogD3D11RHI: Shutdown
[2017.04.22-05.53.07:592][286]LogD3D11RHI: CleanupD3DDevice
[2017.04.22-05.53.07:734][286]LogD3D11RHI: ~FD3D11DynamicRHI
[2017.04.22-05.53.07:757][286]LogModuleManager: Shutting down and abandoning module MovieSceneCapture (502)
[2017.04.22-05.53.07:758][286]LogModuleManager: Shutting down and abandoning module HierarchicalLODOutliner (500)
[2017.04.22-05.53.07:758][286]LogModuleManager: Shutting down and abandoning module ExternalImagePicker (498)
[2017.04.22-05.53.07:758][286]LogModuleManager: Shutting down and abandoning module CrashTracker (496)
[2017.04.22-05.53.07:758][286]LogModuleManager: Shutting down and abandoning module SceneOutliner (494)
[2017.04.22-05.53.07:758][286]LogModuleManager: Shutting down and abandoning module AddContentDialog (492)
[2017.04.22-05.53.07:758][286]LogDirectoryWatcher: A directory notification for 'C:/Program Files/Epic Games/UE_4.15/FeaturePacks/' was aborted.
[2017.04.22-05.53.07:767][286]LogModuleManager: Shutting down and abandoning module WidgetCarousel (491)
[2017.04.22-05.53.07:767][286]LogModuleManager: Shutting down and abandoning module EditorWidgets (488)
[2017.04.22-05.53.07:767][286]LogModuleManager: Shutting down and abandoning module CollectionManager (486)
[2017.04.22-05.53.07:767][286]LogDirectoryWatcher: A directory notification for 'C:/Users/amarz/Documents/Virtual Worlds/ShutterIslandChase/Game Files/Content/Collections/' was aborted.
[2017.04.22-05.53.07:767][286]LogDirectoryWatcher: A directory notification for 'C:/Users/amarz/Documents/Virtual Worlds/ShutterIslandChase/Game Files/Content/Developers/amarz/Collections/' was aborted.
[2017.04.22-05.53.07:767][286]LogDirectoryWatcher: A directory notification for 'C:/Users/amarz/Documents/Virtual Worlds/ShutterIslandChase/Game Files/Saved/Collections/' was aborted.
[2017.04.22-05.53.07:768][286]LogModuleManager: Shutting down and abandoning module StatsViewer (484)
[2017.04.22-05.53.07:768][286]LogModuleManager: Shutting down and abandoning module FoliageEdit (482)
[2017.04.22-05.53.07:768][286]LogModuleManager: Shutting down and abandoning module LandscapeEditor (480)
[2017.04.22-05.53.07:768][286]LogModuleManager: Shutting down and abandoning module SceneDepthPickerMode (478)
[2017.04.22-05.53.07:768][286]LogModuleManager: Shutting down and abandoning module ActorPickerMode (476)
[2017.04.22-05.53.07:768][286]LogModuleManager: Shutting down and abandoning module GeometryMode (474)
[2017.04.22-05.53.07:768][286]LogModuleManager: Shutting down and abandoning module TextureAlignMode (472)
[2017.04.22-05.53.07:768][286]LogModuleManager: Shutting down and abandoning module BspMode (470)
[2017.04.22-05.53.07:768][286]LogModuleManager: Shutting down and abandoning module HardwareSurvey (468)
[2017.04.22-05.53.07:768][286]LogModuleManager: Shutting down and abandoning module SequenceRecorderSections (466)
[2017.04.22-05.53.07:768][286]LogModuleManager: Shutting down and abandoning module AutomationWorker (464)
[2017.04.22-05.53.07:768][286]LogModuleManager: Shutting down and abandoning module MatineeToLevelSequence (462)
[2017.04.22-05.53.07:768][286]LogModuleManager: Shutting down and abandoning module LevelSequenceEditor (460)
[2017.04.22-05.53.07:768][286]LogModuleManager: Shutting down and abandoning module PlacementMode (459)
[2017.04.22-05.53.07:768][286]LogModuleManager: Shutting down and abandoning module WmfMediaFactory (456)
[2017.04.22-05.53.07:768][286]LogModuleManager: Shutting down and abandoning module WmfMediaEditor (454)
[2017.04.22-05.53.07:768][286]LogModuleManager: Shutting down and abandoning module MfMediaFactory (452)
[2017.04.22-05.53.07:768][286]LogModuleManager: Shutting down and abandoning module MfMediaEditor (450)
[2017.04.22-05.53.07:768][286]LogModuleManager: Shutting down and abandoning module AvfMediaFactory (448)
[2017.04.22-05.53.07:768][286]LogModuleManager: Shutting down and abandoning module AvfMediaEditor (446)
[2017.04.22-05.53.07:768][286]LogModuleManager: Shutting down and abandoning module AndroidMediaFactory (444)
[2017.04.22-05.53.07:768][286]LogModuleManager: Shutting down and abandoning module Media (443)
[2017.04.22-05.53.07:768][286]LogModuleManager: Shutting down and abandoning module AndroidMediaEditor (440)
[2017.04.22-05.53.07:768][286]LogModuleManager: Shutting down and abandoning module CharacterAI (438)
[2017.04.22-05.53.07:768][286]LogModuleManager: Shutting down and abandoning module AudioCapture (436)
[2017.04.22-05.53.07:768][286]LogModuleManager: Shutting down and abandoning module SequenceRecorder (435)
[2017.04.22-05.53.07:768][286]LogModuleManager: Shutting down and abandoning module SmartSnapping (432)
[2017.04.22-05.53.07:768][286]LogModuleManager: Shutting down and abandoning module SessionServices (430)
[2017.04.22-05.53.07:768][286]LogModuleManager: Shutting down and abandoning module ViewportSnapping (428)
[2017.04.22-05.53.07:768][286]LogModuleManager: Shutting down and abandoning module ViewportInteraction (426)
[2017.04.22-05.53.07:768][286]LogModuleManager: Shutting down and abandoning module LogVisualizer (424)
[2017.04.22-05.53.07:769][286]LogModuleManager: Shutting down and abandoning module IntroTutorials (422)
[2017.04.22-05.53.07:769][286]LogModuleManager: Shutting down and abandoning module GameProjectGeneration (421)
[2017.04.22-05.53.07:769][286]LogModuleManager: Shutting down and abandoning module EditorLiveStreaming (418)
[2017.04.22-05.53.07:769][286]LogModuleManager: Shutting down and abandoning module IOSPlatformEditor (416)
[2017.04.22-05.53.07:769][286]LogModuleManager: Shutting down and abandoning module HTML5PlatformEditor (414)
[2017.04.22-05.53.07:769][286]LogModuleManager: Shutting down and abandoning module AndroidPlatformEditor (412)
[2017.04.22-05.53.07:769][286]LogModuleManager: Shutting down and abandoning module AndroidDeviceDetection (411)
[2017.04.22-05.53.08:283][286]LogModuleManager: Shutting down and abandoning module IOSRuntimeSettings (408)
[2017.04.22-05.53.08:283][286]LogModuleManager: Shutting down and abandoning module AndroidRuntimeSettings (406)
[2017.04.22-05.53.08:283][286]LogModuleManager: Shutting down and abandoning module InputBindingEditor (404)
[2017.04.22-05.53.08:283][286]LogModuleManager: Shutting down and abandoning module NiagaraEditor (402)
[2017.04.22-05.53.08:283][286]LogModuleManager: Shutting down and abandoning module MergeActors (400)
[2017.04.22-05.53.08:283][286]LogModuleManager: Shutting down and abandoning module SizeMap (398)
[2017.04.22-05.53.08:283][286]LogModuleManager: Shutting down and abandoning module TreeMap (396)
[2017.04.22-05.53.08:283][286]LogModuleManager: Shutting down and abandoning module ReferenceViewer (394)
[2017.04.22-05.53.08:283][286]LogModuleManager: Shutting down and abandoning module LocalizationDashboard (392)
[2017.04.22-05.53.08:283][286]LogModuleManager: Shutting down and abandoning module LocalizationService (391)
[2017.04.22-05.53.08:283][286]LogModuleManager: Shutting down and abandoning module HardwareTargeting (388)
[2017.04.22-05.53.08:283][286]LogModuleManager: Shutting down and abandoning module DeviceProfileEditor (386)
[2017.04.22-05.53.08:283][286]LogModuleManager: Shutting down and abandoning module UndoHistory (384)
[2017.04.22-05.53.08:283][286]LogModuleManager: Shutting down and abandoning module UserFeedback (382)
[2017.04.22-05.53.08:283][286]LogModuleManager: Shutting down and abandoning module XmlParser (380)
[2017.04.22-05.53.08:283][286]LogModuleManager: Shutting down and abandoning module Blutility (378)
[2017.04.22-05.53.08:283][286]LogModuleManager: Shutting down and abandoning module ProjectSettingsViewer (376)
[2017.04.22-05.53.08:283][286]LogModuleManager: Shutting down and abandoning module ProjectTargetPlatformEditor (375)
[2017.04.22-05.53.08:284][286]LogModuleManager: Shutting down and abandoning module EditorSettingsViewer (372)
[2017.04.22-05.53.08:284][286]LogModuleManager: Shutting down and abandoning module SettingsEditor (370)
[2017.04.22-05.53.08:284][286]LogModuleManager: Shutting down and abandoning module ProjectLauncher (368)
[2017.04.22-05.53.08:284][286]LogModuleManager: Shutting down and abandoning module SessionFrontend (366)
[2017.04.22-05.53.08:284][286]LogModuleManager: Shutting down and abandoning module ProfilerClient (364)
[2017.04.22-05.53.08:284][286]LogModuleManager: Shutting down and abandoning module DeviceManager (362)
[2017.04.22-05.53.08:284][286]LogModuleManager: Shutting down and abandoning module TargetDeviceServices (361)
[2017.04.22-05.53.08:326][286]LogModuleManager: Shutting down and abandoning module AutomationController (358)
[2017.04.22-05.53.08:326][286]LogModuleManager: Shutting down and abandoning module AutomationWindow (356)
[2017.04.22-05.53.08:326][286]LogModuleManager: Shutting down and abandoning module Layers (354)
[2017.04.22-05.53.08:326][286]LogModuleManager: Shutting down and abandoning module ComponentVisualizers (352)
[2017.04.22-05.53.08:326][286]LogModuleManager: Shutting down and abandoning module DetailCustomizations (350)
[2017.04.22-05.53.08:326][286]LogModuleManager: Shutting down and abandoning module PackagesDialog (348)
[2017.04.22-05.53.08:326][286]LogModuleManager: Shutting down and abandoning module Persona (346)
[2017.04.22-05.53.08:326][286]LogModuleManager: Shutting down and abandoning module AnimGraph (345)
[2017.04.22-05.53.08:327][286]LogModuleManager: Shutting down and abandoning module Kismet (342)
[2017.04.22-05.53.08:328][286]LogModuleManager: Shutting down and abandoning module GraphEditor (340)
[2017.04.22-05.53.08:328][286]LogModuleManager: Shutting down and abandoning module ClassViewer (338)
[2017.04.22-05.53.08:328][286]LogModuleManager: Shutting down and abandoning module Toolbox (336)
[2017.04.22-05.53.08:328][286]LogModuleManager: Shutting down and abandoning module ModuleUI (334)
[2017.04.22-05.53.08:328][286]LogModuleManager: Shutting down and abandoning module MovieSceneTools (332)
[2017.04.22-05.53.08:328][286]LogModuleManager: Shutting down and abandoning module OutputLog (330)
[2017.04.22-05.53.08:328][286]LogModuleManager: Shutting down and abandoning module GammaUI (328)
[2017.04.22-05.53.08:328][286]LogModuleManager: Shutting down and abandoning module Documentation (326)
[2017.04.22-05.53.08:328][286]LogModuleManager: Shutting down and abandoning module Niagara (324)
[2017.04.22-05.53.08:328][286]LogModuleManager: Shutting down and abandoning module StreamingPauseRendering (322)
[2017.04.22-05.53.08:328][286]LogModuleManager: Shutting down and abandoning module AnalyticsET (320)
[2017.04.22-05.53.08:328][286]LogModuleManager: Shutting down and abandoning module PortalServices (318)
[2017.04.22-05.53.08:328][286]LogModuleManager: Shutting down and abandoning module PortalRpc (316)
[2017.04.22-05.53.08:328][286]LogModuleManager: Shutting down and abandoning module MessagingRpc (314)
[2017.04.22-05.53.08:328][286]LogModuleManager: Shutting down and abandoning module AIModule (312)
[2017.04.22-05.53.08:328][286]LogModuleManager: Shutting down and abandoning module GameplayDebugger (311)
[2017.04.22-05.53.08:328][286]LogModuleManager: Shutting down and abandoning module AITestSuite (309)
[2017.04.22-05.53.08:328][286]LogModuleManager: Shutting down and abandoning module ProfilerService (306)
[2017.04.22-05.53.08:441][286]LogModuleManager: Shutting down and abandoning module TaskGraph (304)
[2017.04.22-05.53.08:441][286]LogModuleManager: Shutting down and abandoning module SteamVRController (302)
[2017.04.22-05.53.08:442][286]LogModuleManager: Shutting down and abandoning module SteamVR (300)
[2017.04.22-05.53.08:442][286]LogModuleManager: Shutting down and abandoning module ProceduralMeshComponentEditor (298)
[2017.04.22-05.53.08:442][286]LogModuleManager: Shutting down and abandoning module ProceduralMeshComponent (296)
[2017.04.22-05.53.08:442][286]LogModuleManager: Shutting down and abandoning module OculusLibrary (294)
[2017.04.22-05.53.08:442][286]LogModuleManager: Shutting down and abandoning module OculusInput (292)
[2017.04.22-05.53.08:442][286]LogModuleManager: Shutting down and abandoning module MobilePatchingUtils (290)
[2017.04.22-05.53.08:442][286]LogModuleManager: Shutting down and abandoning module CustomMeshComponent (288)
[2017.04.22-05.53.08:442][286]LogModuleManager: Shutting down and abandoning module CableComponent (286)
[2017.04.22-05.53.08:442][286]LogModuleManager: Shutting down and abandoning module ArchVisCharacter (284)
[2017.04.22-05.53.08:442][286]LogModuleManager: Shutting down and abandoning module MediaPlayerEditor (280)
[2017.04.22-05.53.08:442][286]LogModuleManager: Shutting down and abandoning module HTML5Networking (278)
[2017.04.22-05.53.08:442][286]LogModuleManager: Shutting down and abandoning module AlembicImporter (276)
[2017.04.22-05.53.08:442][286]LogModuleManager: Shutting down and abandoning module AlembicLibrary (275)
[2017.04.22-05.53.08:442][286]LogModuleManager: Shutting down and abandoning module GeometryCache (274)
[2017.04.22-05.53.08:442][286]LogModuleManager: Shutting down and abandoning module GeometryCacheEd (273)
[2017.04.22-05.53.08:442][286]LogModuleManager: Shutting down and abandoning module SuperSearchEditor (268)
[2017.04.22-05.53.08:442][286]LogModuleManager: Shutting down and abandoning module SuperSearch (267)
[2017.04.22-05.53.08:442][286]LogModuleManager: Shutting down and abandoning module SpeedTreeImporter (264)
[2017.04.22-05.53.08:442][286]LogModuleManager: Shutting down and abandoning module PluginBrowser (262)
[2017.04.22-05.53.08:442][286]LogModuleManager: Shutting down and abandoning module MobileLauncherProfileWizard (260)
[2017.04.22-05.53.08:442][286]LogModuleManager: Shutting down and abandoning module EpicSurvey (258)
[2017.04.22-05.53.08:442][286]LogModuleManager: Shutting down and abandoning module VisualStudioSourceCodeAccess (256)
[2017.04.22-05.53.08:442][286]LogModuleManager: Shutting down and abandoning module DesktopPlatform (255)
[2017.04.22-05.53.08:442][286]LogModuleManager: Shutting down and abandoning module UObjectPlugin (252)
[2017.04.22-05.53.08:442][286]LogModuleManager: Shutting down and abandoning module SubversionSourceControl (250)
[2017.04.22-05.53.08:442][286]LogModuleManager: Shutting down and abandoning module PerforceSourceControl (248)
[2017.04.22-05.53.08:442][286]LogModuleManager: Shutting down and abandoning module GitSourceControl (246)
[2017.04.22-05.53.08:442][286]LogModuleManager: Shutting down and abandoning module SourceControl (245)
[2017.04.22-05.53.08:442][286]LogModuleManager: Shutting down and abandoning module LightPropagationVolumeEditor (242)
[2017.04.22-05.53.08:442][286]LogModuleManager: Shutting down and abandoning module PaperTiledImporter (240)
[2017.04.22-05.53.08:442][286]LogModuleManager: Shutting down and abandoning module PaperSpriteSheetImporter (238)
[2017.04.22-05.53.08:442][286]LogModuleManager: Shutting down and abandoning module Paper2DEditor (236)
[2017.04.22-05.53.08:442][286]LogModuleManager: Shutting down and abandoning module MeshPaint (235)
[2017.04.22-05.53.08:442][286]LogModuleManager: Shutting down and abandoning module LevelEditor (233)
[2017.04.22-05.53.08:444][286]LogModuleManager: Shutting down and abandoning module PixelInspectorModule (232)
[2017.04.22-05.53.08:445][286]LogModuleManager: Shutting down and abandoning module MainFrame (230)
[2017.04.22-05.53.08:445][286]LogModuleManager: Shutting down and abandoning module HotReload (229)
[2017.04.22-05.53.08:445][286]LogModuleManager: Shutting down and abandoning module ContentBrowser (225)
[2017.04.22-05.53.08:447][286]LogModuleManager: Shutting down and abandoning module PhysXVehiclesEditor (222)
[2017.04.22-05.53.08:447][286]LogModuleManager: Shutting down and abandoning module PhysXVehicles (220)
[2017.04.22-05.53.08:447][286]LogModuleManager: Shutting down and abandoning module LocationServicesBPLibrary (218)
[2017.04.22-05.53.08:447][286]LogModuleManager: Shutting down and abandoning module UdpMessaging (216)
[2017.04.22-05.53.08:548][286]LogModuleManager: Shutting down and abandoning module TcpMessaging (214)
[2017.04.22-05.53.08:648][286]LogModuleManager: Shutting down and abandoning module GameplayTagsEditor (212)
[2017.04.22-05.53.08:648][286]LogModuleManager: Shutting down and abandoning module FacialAnimationEditor (210)
[2017.04.22-05.53.08:648][286]LogModuleManager: Shutting down and abandoning module FacialAnimation (208)
[2017.04.22-05.53.08:648][286]LogModuleManager: Shutting down and abandoning module LightPropagationVolumeRuntime (206)
[2017.04.22-05.53.08:648][286]LogModuleManager: Shutting down and abandoning module Paper2D (204)
[2017.04.22-05.53.08:648][286]LogModuleManager: Shutting down and abandoning module WindowsMoviePlayer (202)
[2017.04.22-05.53.08:648][286]LogModuleManager: Shutting down and abandoning module WmfMedia (200)
[2017.04.22-05.53.08:648][286]LogModuleManager: Shutting down and abandoning module MfMedia (198)
[2017.04.22-05.53.08:648][286]LogModuleManager: Shutting down and abandoning module MediaAssets (196)
[2017.04.22-05.53.08:648][286]LogModuleManager: Shutting down and abandoning module GameLiveStreaming (194)
[2017.04.22-05.53.08:648][286]LogModuleManager: Shutting down and abandoning module VREditor (192)
[2017.04.22-05.53.08:648][286]LogModuleManager: Shutting down and abandoning module GameplayTasksEditor (190)
[2017.04.22-05.53.08:648][286]LogModuleManager: Shutting down and abandoning module BehaviorTreeEditor (188)
[2017.04.22-05.53.08:648][286]LogModuleManager: Shutting down and abandoning module FunctionalTesting (186)
[2017.04.22-05.53.08:648][286]LogModuleManager: Shutting down and abandoning module CollisionAnalyzer (184)
[2017.04.22-05.53.08:648][286]LogModuleManager: Shutting down and abandoning module UMG (182)
[2017.04.22-05.53.08:648][286]LogModuleManager: Shutting down and abandoning module UMGEditor (181)
[2017.04.22-05.53.08:648][286]LogModuleManager: Shutting down and abandoning module Sequencer (180)
[2017.04.22-05.53.08:648][286]LogModuleManager: Shutting down and abandoning module AssetTools (178)
[2017.04.22-05.53.08:648][286]LogModuleManager: Shutting down and abandoning module MessageLog (177)
[2017.04.22-05.53.08:649][286]LogModuleManager: Shutting down and abandoning module WorkspaceMenuStructure (176)
[2017.04.22-05.53.08:649][286]LogModuleManager: Shutting down and abandoning module SlateReflector (170)
[2017.04.22-05.53.08:649][286]LogModuleManager: Shutting down and abandoning module Slate (168)
[2017.04.22-05.53.08:649][286]LogModuleManager: Shutting down and abandoning module EditorStyle (166)
[2017.04.22-05.53.08:652][286]LogModuleManager: Shutting down and abandoning module SourceCodeAccess (164)
[2017.04.22-05.53.08:652][286]LogModuleManager: Shutting down and abandoning module HeadMountedDisplay (162)
[2017.04.22-05.53.08:652][286]LogModuleManager: Shutting down and abandoning module XAudio2 (160)
[2017.04.22-05.53.08:652][286]LogModuleManager: Shutting down and abandoning module Networking (158)
[2017.04.22-05.53.08:652][286]LogModuleManager: Shutting down and abandoning module Core (154)
[2017.04.22-05.53.08:652][286]LogModuleManager: Shutting down and abandoning module AssetRegistry (152)
[2017.04.22-05.53.08:736][286]LogDirectoryWatcher: A directory notification for '../../../Engine/Content/' was aborted.
[2017.04.22-05.53.08:736][286]LogDirectoryWatcher: A directory notification for '../../../../../../Users/amarz/Documents/Virtual Worlds/ShutterIslandChase/Game Files/Content/' was aborted.
[2017.04.22-05.53.08:736][286]LogDirectoryWatcher: A directory notification for '../../../Engine/Plugins/2D/Paper2D/Content/' was aborted.
[2017.04.22-05.53.08:736][286]LogModuleManager: Shutting down and abandoning module DirectoryWatcher (151)
[2017.04.22-05.53.08:742][286]LogModuleManager: Shutting down and abandoning module KismetCompiler (148)
[2017.04.22-05.53.08:742][286]LogModuleManager: Shutting down and abandoning module PhysXFormats (146)
[2017.04.22-05.53.08:742][286]LogModuleManager: Shutting down and abandoning module MeshUtilities (144)
[2017.04.22-05.53.08:742][286]LogModuleManager: Shutting down and abandoning module SimplygonSwarm (143)
[2017.04.22-05.53.08:742][286]LogModuleManager: Shutting down and abandoning module SimplygonMeshReduction (141)
[2017.04.22-05.53.08:742][286]LogModuleManager: Shutting down and abandoning module QuadricMeshReduction (139)
[2017.04.22-05.53.08:742][286]LogModuleManager: Shutting down and abandoning module PropertyEditor (137)
[2017.04.22-05.53.08:742][286]LogModuleManager: Shutting down and abandoning module DerivedDataCache (134)
[2017.04.22-05.53.08:830][286]LogDerivedDataCache: Shutdown
[2017.04.22-05.53.08:830][286]LogModuleManager: Shutting down and abandoning module TargetPlatform (132)
[2017.04.22-05.53.08:830][286]LogModuleManager: Shutting down and abandoning module VulkanShaderFormat (131)
[2017.04.22-05.53.08:830][286]LogModuleManager: Shutting down and abandoning module ShaderFormatOpenGL (129)
[2017.04.22-05.53.08:830][286]LogModuleManager: Shutting down and abandoning module ShaderFormatD3D (127)
[2017.04.22-05.53.08:830][286]LogModuleManager: Shutting down and abandoning module MetalShaderFormat (125)
[2017.04.22-05.53.08:830][286]LogModuleManager: Shutting down and abandoning module TextureFormatUncompressed (123)
[2017.04.22-05.53.08:831][286]LogModuleManager: Shutting down and abandoning module TextureFormatPVR (121)
[2017.04.22-05.53.08:831][286]LogModuleManager: Shutting down and abandoning module TextureFormatDXT (119)
[2017.04.22-05.53.08:831][286]LogModuleManager: Shutting down and abandoning module TextureFormatIntelISPCTexComp (117)
[2017.04.22-05.53.08:831][286]LogModuleManager: Shutting down and abandoning module TextureFormatASTC (115)
[2017.04.22-05.53.08:831][286]LogModuleManager: Shutting down and abandoning module ImageWrapper (114)
[2017.04.22-05.53.08:831][286]LogModuleManager: Shutting down and abandoning module TextureFormatAndroid (111)
[2017.04.22-05.53.08:831][286]LogModuleManager: Shutting down and abandoning module AudioFormatOpus (109)
[2017.04.22-05.53.08:831][286]LogModuleManager: Shutting down and abandoning module AudioFormatOgg (107)
[2017.04.22-05.53.08:831][286]LogModuleManager: Shutting down and abandoning module AudioFormatADPCM (105)
[2017.04.22-05.53.08:831][286]LogModuleManager: Shutting down and abandoning module LinuxTargetPlatform (103)
[2017.04.22-05.53.08:831][286]LogModuleManager: Shutting down and abandoning module LinuxServerTargetPlatform (101)
[2017.04.22-05.53.08:831][286]LogModuleManager: Shutting down and abandoning module LinuxNoEditorTargetPlatform (99)
[2017.04.22-05.53.08:831][286]LogModuleManager: Shutting down and abandoning module LinuxClientTargetPlatform (97)
[2017.04.22-05.53.08:831][286]LogModuleManager: Shutting down and abandoning module TVOSTargetPlatform (95)
[2017.04.22-05.53.08:831][286]LogModuleManager: Shutting down and abandoning module Messaging (93)
[2017.04.22-05.53.08:831][286]LogModuleManager: Shutting down and abandoning module IOSTargetPlatform (91)
[2017.04.22-05.53.08:831][286]LogModuleManager: Shutting down and abandoning module HTML5TargetPlatform (89)
[2017.04.22-05.53.08:831][286]LogModuleManager: Shutting down and abandoning module Android_PVRTCTargetPlatform (87)
[2017.04.22-05.53.08:831][286]LogModuleManager: Shutting down and abandoning module Android_MultiTargetPlatform (85)
[2017.04.22-05.53.08:831][286]LogModuleManager: Shutting down and abandoning module Android_ETC2TargetPlatform (83)
[2017.04.22-05.53.08:831][286]LogModuleManager: Shutting down and abandoning module Android_ETC1TargetPlatform (81)
[2017.04.22-05.53.08:831][286]LogModuleManager: Shutting down and abandoning module Android_DXTTargetPlatform (79)
[2017.04.22-05.53.08:831][286]LogModuleManager: Shutting down and abandoning module Android_ATCTargetPlatform (77)
[2017.04.22-05.53.08:831][286]LogModuleManager: Shutting down and abandoning module Android_ASTCTargetPlatform (75)
[2017.04.22-05.53.08:831][286]LogModuleManager: Shutting down and abandoning module AndroidTargetPlatform (73)
[2017.04.22-05.53.08:831][286]LogModuleManager: Shutting down and abandoning module WindowsTargetPlatform (71)
[2017.04.22-05.53.08:831][286]LogModuleManager: Shutting down and abandoning module WindowsServerTargetPlatform (69)
[2017.04.22-05.53.08:831][286]LogModuleManager: Shutting down and abandoning module WindowsNoEditorTargetPlatform (67)
[2017.04.22-05.53.08:831][286]LogModuleManager: Shutting down and abandoning module WindowsClientTargetPlatform (65)
[2017.04.22-05.53.08:831][286]LogModuleManager: Shutting down and abandoning module MacTargetPlatform (63)
[2017.04.22-05.53.08:831][286]LogModuleManager: Shutting down and abandoning module MacServerTargetPlatform (61)
[2017.04.22-05.53.08:831][286]LogModuleManager: Shutting down and abandoning module MacNoEditorTargetPlatform (59)
[2017.04.22-05.53.08:831][286]LogModuleManager: Shutting down and abandoning module MacClientTargetPlatform (57)
[2017.04.22-05.53.08:831][286]LogModuleManager: Shutting down and abandoning module AllDesktopTargetPlatform (55)
[2017.04.22-05.53.08:831][286]LogModuleManager: Shutting down and abandoning module InputCore (52)
[2017.04.22-05.53.08:832][286]LogModuleManager: Shutting down and abandoning module Settings (50)
[2017.04.22-05.53.08:832][286]LogModuleManager: Shutting down and abandoning module OculusRift (48)
[2017.04.22-05.53.08:832][286]LogModuleManager: Shutting down and abandoning module GearVR (46)
[2017.04.22-05.53.08:832][286]LogModuleManager: Shutting down and abandoning module ExampleDeviceProfileSelector (44)
[2017.04.22-05.53.08:832][286]LogModuleManager: Shutting down and abandoning module OnlineBlueprintSupport (42)
[2017.04.22-05.53.08:832][286]LogModuleManager: Shutting down and abandoning module OnlineSubsystem (38)
[2017.04.22-05.53.08:832][286]LogOnline:Display: Unloading online subsystem: NULL
[2017.04.22-05.53.08:832][286]LogModuleManager: Shutting down and abandoning module XMPP (37)
[2017.04.22-05.53.08:832][286]LogModuleManager: Shutting down and abandoning module HTTP (35)
[2017.04.22-05.53.08:832][286]LogHttp:Display: Http module shutting down, but needs to wait on 1 outstanding Http requests:
[2017.04.22-05.53.08:832][286]LogHttp:Display: 	verb=[POST] url=[https://datarouter.ol.epicgames.com/datarouter/api/v1/public/data?SessionID=%7BAEC70D37-4A56-D147-A4ED-0B8C41A951B5%7D&AppID=UEEditor.Rocket.Release&AppVersion=4.15.1-3348071%2B%2B%2BUE4%2BRelease-4.15&UserID=260e88ad493648f2cfbc5ea26797a873%7C8ec0d82a37b847b29b53c3edf67c3f21%7C6c646a3e-7966-4b02-b797-8e6dbb70f596&AppEnvironment=datacollector-binary&UploadType=eteventstream] status=Processing
[2017.04.22-05.53.08:862][286]LogModuleManager: Shutting down and abandoning module SSL (34)
[2017.04.22-05.53.08:864][286]LogModuleManager: Shutting down and abandoning module AudioEditor (30)
[2017.04.22-05.53.08:864][286]LogModuleManager: Shutting down and abandoning module TextureCompressor (28)
[2017.04.22-05.53.08:864][286]LogModuleManager: Shutting down and abandoning module ShaderCore (26)
[2017.04.22-05.53.08:864][286]LogModuleManager: Shutting down and abandoning module Landscape (24)
[2017.04.22-05.53.08:864][286]LogModuleManager: Shutting down and abandoning module SlateRHIRenderer (22)
[2017.04.22-05.53.08:873][286]LogModuleManager: Shutting down and abandoning module OpenGLDrv (20)
[2017.04.22-05.53.08:873][286]LogModuleManager: Shutting down and abandoning module D3D11RHI (18)
[2017.04.22-05.53.08:873][286]LogModuleManager: Shutting down and abandoning module AnimGraphRuntime (16)
[2017.04.22-05.53.08:873][286]LogModuleManager: Shutting down and abandoning module Renderer (14)
[2017.04.22-05.53.08:873][286]LogModuleManager: Shutting down and abandoning module Engine (12)
[2017.04.22-05.53.08:873][286]LogModuleManager: Shutting down and abandoning module CoreUObject (10)
[2017.04.22-05.53.08:873][286]LogModuleManager: Shutting down and abandoning module NetworkFile (8)
[2017.04.22-05.53.08:873][286]LogModuleManager: Shutting down and abandoning module StreamingFile (6)
[2017.04.22-05.53.08:873][286]LogModuleManager: Shutting down and abandoning module SandboxFile (4)
[2017.04.22-05.53.08:873][286]LogModuleManager: Shutting down and abandoning module PakFile (2)
[2017.04.22-05.53.08:875][286]LogExit: Exiting.
[2017.04.22-05.53.08:898][286]Log file closed, 04/21/17 23:53:08
